 NREP  EXP  TRT  NYR FILEX        DESCRIPTION
    1    1    1    1 UYAG1701.CSX
    2    1    2    1 UYAG1701.CSX
    3    1    3    1 UYAG1701.CSX
    4    1    4    1 UYAG1701.CSX
    5    1    5    1 UYAG1701.CSX
    6    1    6    1 UYAG1701.CSX
    7    1    7    1 UYAG1701.CSX
    8    1    8    1 UYAG1701.CSX
    9    1    9    1 UYAG1701.CSX
   10    1   10    1 UYAG1701.CSX
   11    1   11    1 UYAG1701.CSX
   12    1   12    1 UYAG1701.CSX
   13    1   13    1 UYAG1701.CSX
   14    1   14    1 UYAG1701.CSX
   15    1   15    1 UYAG1701.CSX
   16    1   16    1 UYAG1701.CSX
   17    1   17    1 UYAG1701.CSX
   18    1   18    1 UYAG1701.CSX
   19    1   19    1 UYAG1701.CSX
   20    1   20    1 UYAG1701.CSX
   21    1   21    1 UYAG1701.CSX
   22    1   22    1 UYAG1701.CSX
   23    1   23    1 UYAG1701.CSX
   24    1   24    1 UYAG1701.CSX
   25    1   25    1 UYAG1701.CSX
   26    1   26    1 UYAG1701.CSX
   27    1   27    1 UYAG1701.CSX
   28    1   28    1 UYAG1701.CSX
   29    1   29    1 UYAG1701.CSX
   30    1   30    1 UYAG1701.CSX
   31    1   31    1 UYAG1701.CSX
   32    1   32    1 UYAG1701.CSX
   33    1   33    1 UYAG1701.CSX
   34    1   34    1 UYAG1701.CSX
   35    1   35    1 UYAG1701.CSX
   36    1   36    1 UYAG1701.CSX
   37    1   37    1 UYAG1701.CSX
   38    1   38    1 UYAG1701.CSX
   39    1   39    1 UYAG1701.CSX
   40    1   40    1 UYAG1701.CSX
   41    1   41    1 UYAG1701.CSX
   42    1   42    1 UYAG1701.CSX
   43    1   43    1 UYAG1701.CSX
   44    1   44    1 UYAG1701.CSX
   45    1   45    1 UYAG1701.CSX
   46    1   46    1 UYAG1701.CSX
   47    1   47    1 UYAG1701.CSX
   48    1   48    1 UYAG1701.CSX
   49    1   49    1 UYAG1701.CSX
   50    1   50    1 UYAG1701.CSX
   51    1   51    1 UYAG1701.CSX
   52    1   52    1 UYAG1701.CSX
   53    1   53    1 UYAG1701.CSX
   54    1   54    1 UYAG1701.CSX
   55    1   55    1 UYAG1701.CSX
   56    1   56    1 UYAG1701.CSX
   57    1   57    1 UYAG1701.CSX
   58    1   58    1 UYAG1701.CSX
   59    1   59    1 UYAG1701.CSX
   60    1   60    1 UYAG1701.CSX
   61    1   61    1 UYAG1701.CSX
   62    1   62    1 UYAG1701.CSX
   63    1   63    1 UYAG1701.CSX
   64    1   64    1 UYAG1701.CSX
   65    1   65    1 UYAG1701.CSX
   66    1   66    1 UYAG1701.CSX
   67    1   67    1 UYAG1701.CSX
