$TIER_CONDITIONS

*RUN 1    : UYAG1701CS 1 Cultivars CSYCA048                                    

@ TIER SRADA  TMXA  TMNA  PREA  TWLA  CO2A  WFPA  WFGA  NFPA  NFGA  TIER_END  
     1  17.4  29.9  22.9 10.55 12.11   412  0.00  0.00  0.00  0.00 2ndBranch    
     2  17.6  31.3  22.7 17.83 11.74   412  0.00  0.00  0.00  0.00 3rdBranch    
     3  19.2  34.2  20.2  0.18 11.49   412  0.02  0.19  0.00  0.00 4thBranch    
     4  20.1  36.1  21.8  0.26 11.72   413  0.07  0.32  0.00  0.00 5thBranch    
     5  20.0  34.8  25.2  4.64 12.29   413  0.03  0.24  0.00  0.00 6thBranch    
     6  17.6  31.2  23.4  5.02 12.53   414  0.00  0.00  0.00  0.00 7thBranch    
     7  16.1  29.4  22.8  2.62 12.46   414  0.00  0.00  0.00  0.00 8thBranch    
    16 -99.0 -99.0 -99.0-99.00-99.00   -99  0.00  0.00  0.00  0.00 Harvest      

*RUN 2    : UYAG1701CS 2 Cultivars CSYCA048                                    

@ TIER SRADA  TMXA  TMNA  PREA  TWLA  CO2A  WFPA  WFGA  NFPA  NFGA  TIER_END  
     1  17.4  29.9  22.9 10.55 12.11   412  0.00  0.00  0.00  0.00 2ndBranch    
     2  17.6  31.3  22.7 17.83 11.74   412  0.00  0.00  0.00  0.00 3rdBranch    
     3  19.2  34.2  20.2  0.18 11.49   412  0.02  0.19  0.00  0.00 4thBranch    
     4  20.1  36.1  21.8  0.26 11.72   413  0.07  0.32  0.00  0.00 5thBranch    
     5  20.0  34.8  25.2  4.64 12.29   413  0.03  0.24  0.00  0.00 6thBranch    
     6  17.6  31.2  23.4  5.02 12.53   414  0.00  0.00  0.00  0.00 7thBranch    
     7  16.1  29.4  22.8  2.62 12.46   414  0.00  0.00  0.00  0.00 8thBranch    
    16 -99.0 -99.0 -99.0-99.00-99.00   -99  0.00  0.00  0.00  0.00 Harvest      

*RUN 3    : UYAG1701CS 3 Cultivars CSYCA048                                    

@ TIER SRADA  TMXA  TMNA  PREA  TWLA  CO2A  WFPA  WFGA  NFPA  NFGA  TIER_END  
     1  17.4  29.9  22.9 10.55 12.11   412  0.00  0.00  0.00  0.00 2ndBranch    
     2  17.6  31.3  22.7 17.83 11.74   412  0.00  0.00  0.00  0.00 3rdBranch    
     3  19.2  34.2  20.2  0.18 11.49   412  0.02  0.19  0.00  0.00 4thBranch    
     4  20.1  36.1  21.8  0.26 11.72   413  0.07  0.32  0.00  0.00 5thBranch    
     5  20.0  34.8  25.2  4.64 12.29   413  0.03  0.24  0.00  0.00 6thBranch    
     6  17.6  31.2  23.4  5.02 12.53   414  0.00  0.00  0.00  0.00 7thBranch    
     7  16.1  29.4  22.8  2.62 12.46   414  0.00  0.00  0.00  0.00 8thBranch    
    16 -99.0 -99.0 -99.0-99.00-99.00   -99  0.00  0.00  0.00  0.00 Harvest      

*RUN 4    : UYAG1701CS 4 Cultivars CSYCA048                                    

@ TIER SRADA  TMXA  TMNA  PREA  TWLA  CO2A  WFPA  WFGA  NFPA  NFGA  TIER_END  
     1  17.4  29.9  22.9 10.55 12.11   412  0.00  0.00  0.00  0.00 2ndBranch    
     2  17.6  31.3  22.7 17.83 11.74   412  0.00  0.00  0.00  0.00 3rdBranch    
     3  19.2  34.2  20.2  0.18 11.49   412  0.02  0.19  0.00  0.00 4thBranch    
     4  20.1  36.1  21.8  0.26 11.72   413  0.07  0.32  0.00  0.00 5thBranch    
     5  20.0  34.8  25.2  4.64 12.29   413  0.03  0.24  0.00  0.00 6thBranch    
     6  17.6  31.2  23.4  5.02 12.53   414  0.00  0.00  0.00  0.00 7thBranch    
     7  16.1  29.4  22.8  2.62 12.46   414  0.00  0.00  0.00  0.00 8thBranch    
    16 -99.0 -99.0 -99.0-99.00-99.00   -99  0.00  0.00  0.00  0.00 Harvest      

*RUN 5    : UYAG1701CS 5 Cultivars CSYCA048                                    

@ TIER SRADA  TMXA  TMNA  PREA  TWLA  CO2A  WFPA  WFGA  NFPA  NFGA  TIER_END  
     1  17.4  29.9  22.9 10.55 12.11   412  0.00  0.00  0.00  0.00 2ndBranch    
     2  17.6  31.3  22.7 17.83 11.74   412  0.00  0.00  0.00  0.00 3rdBranch    
     3  19.2  34.2  20.2  0.18 11.49   412  0.02  0.19  0.00  0.00 4thBranch    
     4  20.1  36.1  21.8  0.26 11.72   413  0.07  0.32  0.00  0.00 5thBranch    
     5  20.0  34.8  25.2  4.64 12.29   413  0.03  0.24  0.00  0.00 6thBranch    
     6  17.6  31.2  23.4  5.02 12.53   414  0.00  0.00  0.00  0.00 7thBranch    
     7  16.1  29.4  22.8  2.62 12.46   414  0.00  0.00  0.00  0.00 8thBranch    
    16 -99.0 -99.0 -99.0-99.00-99.00   -99  0.00  0.00  0.00  0.00 Harvest      

*RUN 6    : UYAG1701CS 6 Cultivars CSYCA048                                    

@ TIER SRADA  TMXA  TMNA  PREA  TWLA  CO2A  WFPA  WFGA  NFPA  NFGA  TIER_END  
     1  17.4  29.9  22.9 10.55 12.11   412  0.00  0.00  0.00  0.00 2ndBranch    
     2  17.6  31.3  22.7 17.83 11.74   412  0.00  0.00  0.00  0.00 3rdBranch    
     3  19.2  34.2  20.2  0.18 11.49   412  0.02  0.19  0.00  0.00 4thBranch    
     4  20.1  36.1  21.8  0.26 11.72   413  0.07  0.32  0.00  0.00 5thBranch    
     5  20.0  34.8  25.2  4.64 12.29   413  0.03  0.24  0.00  0.00 6thBranch    
     6  17.6  31.2  23.4  5.02 12.53   414  0.00  0.00  0.00  0.00 7thBranch    
     7  16.1  29.4  22.8  2.62 12.46   414  0.00  0.00  0.00  0.00 8thBranch    
    16 -99.0 -99.0 -99.0-99.00-99.00   -99  0.00  0.00  0.00  0.00 Harvest      

*RUN 7    : UYAG1701CS 7 Cultivars CSYCA048                                    

@ TIER SRADA  TMXA  TMNA  PREA  TWLA  CO2A  WFPA  WFGA  NFPA  NFGA  TIER_END  
     1  17.4  29.9  22.9 10.55 12.11   412  0.00  0.00  0.00  0.00 2ndBranch    
     2  17.6  31.3  22.7 17.83 11.74   412  0.00  0.00  0.00  0.00 3rdBranch    
     3  19.2  34.2  20.2  0.18 11.49   412  0.02  0.19  0.00  0.00 4thBranch    
     4  20.1  36.1  21.8  0.26 11.72   413  0.07  0.32  0.00  0.00 5thBranch    
     5  20.0  34.8  25.2  4.64 12.29   413  0.03  0.24  0.00  0.00 6thBranch    
     6  17.6  31.2  23.4  5.02 12.53   414  0.00  0.00  0.00  0.00 7thBranch    
     7  16.1  29.4  22.8  2.62 12.46   414  0.00  0.00  0.00  0.00 8thBranch    
    16 -99.0 -99.0 -99.0-99.00-99.00   -99  0.00  0.00  0.00  0.00 Harvest      

*RUN 8    : UYAG1701CS 8 Cultivars CSYCA048                                    

@ TIER SRADA  TMXA  TMNA  PREA  TWLA  CO2A  WFPA  WFGA  NFPA  NFGA  TIER_END  
     1  17.4  29.9  22.9 10.55 12.11   412  0.00  0.00  0.00  0.00 2ndBranch    
     2  17.6  31.3  22.7 17.83 11.74   412  0.00  0.00  0.00  0.00 3rdBranch    
     3  19.2  34.2  20.2  0.18 11.49   412  0.02  0.19  0.00  0.00 4thBranch    
     4  20.1  36.1  21.8  0.26 11.72   413  0.07  0.32  0.00  0.00 5thBranch    
     5  20.0  34.8  25.2  4.64 12.29   413  0.03  0.24  0.00  0.00 6thBranch    
     6  17.6  31.2  23.4  5.02 12.53   414  0.00  0.00  0.00  0.00 7thBranch    
     7  16.1  29.4  22.8  2.62 12.46   414  0.00  0.00  0.00  0.00 8thBranch    
    16 -99.0 -99.0 -99.0-99.00-99.00   -99  0.00  0.00  0.00  0.00 Harvest      

*RUN 9    : UYAG1701CS 9 Cultivars CSYCA048                                    

@ TIER SRADA  TMXA  TMNA  PREA  TWLA  CO2A  WFPA  WFGA  NFPA  NFGA  TIER_END  
     1  17.4  29.9  22.9 10.55 12.11   412  0.00  0.00  0.00  0.00 2ndBranch    
     2  17.6  31.3  22.7 17.83 11.74   412  0.00  0.00  0.00  0.00 3rdBranch    
     3  19.2  34.2  20.2  0.18 11.49   412  0.02  0.19  0.00  0.00 4thBranch    
     4  20.1  36.1  21.8  0.26 11.72   413  0.07  0.32  0.00  0.00 5thBranch    
     5  20.0  34.8  25.2  4.64 12.29   413  0.03  0.24  0.00  0.00 6thBranch    
     6  17.6  31.2  23.4  5.02 12.53   414  0.00  0.00  0.00  0.00 7thBranch    
     7  16.1  29.4  22.8  2.62 12.46   414  0.00  0.00  0.00  0.00 8thBranch    
    16 -99.0 -99.0 -99.0-99.00-99.00   -99  0.00  0.00  0.00  0.00 Harvest      

*RUN 10   : UYAG1701CS 10,0 Cultivars CSYCA048                                 

@ TIER SRADA  TMXA  TMNA  PREA  TWLA  CO2A  WFPA  WFGA  NFPA  NFGA  TIER_END  
     1  17.4  29.9  22.9 10.55 12.11   412  0.00  0.00  0.00  0.00 2ndBranch    
     2  17.6  31.3  22.7 17.83 11.74   412  0.00  0.00  0.00  0.00 3rdBranch    
     3  19.2  34.2  20.2  0.18 11.49   412  0.02  0.19  0.00  0.00 4thBranch    
     4  20.1  36.1  21.8  0.26 11.72   413  0.07  0.32  0.00  0.00 5thBranch    
     5  20.0  34.8  25.2  4.64 12.29   413  0.03  0.24  0.00  0.00 6thBranch    
     6  17.6  31.2  23.4  5.02 12.53   414  0.00  0.00  0.00  0.00 7thBranch    
     7  16.1  29.4  22.8  2.62 12.46   414  0.00  0.00  0.00  0.00 8thBranch    
    16 -99.0 -99.0 -99.0-99.00-99.00   -99  0.00  0.00  0.00  0.00 Harvest      

*RUN 11   : UYAG1701CS 11,0 Cultivars CSYCA048                                 

@ TIER SRADA  TMXA  TMNA  PREA  TWLA  CO2A  WFPA  WFGA  NFPA  NFGA  TIER_END  
     1  17.4  29.9  22.9 10.55 12.11   412  0.00  0.00  0.00  0.00 2ndBranch    
     2  17.6  31.3  22.7 17.83 11.74   412  0.00  0.00  0.00  0.00 3rdBranch    
     3  19.2  34.2  20.2  0.18 11.49   412  0.02  0.19  0.00  0.00 4thBranch    
     4  20.1  36.1  21.8  0.26 11.72   413  0.07  0.32  0.00  0.00 5thBranch    
     5  20.0  34.8  25.2  4.64 12.29   413  0.03  0.24  0.00  0.00 6thBranch    
     6  17.6  31.2  23.4  5.02 12.53   414  0.00  0.00  0.00  0.00 7thBranch    
     7  16.1  29.4  22.8  2.62 12.46   414  0.00  0.00  0.00  0.00 8thBranch    
    16 -99.0 -99.0 -99.0-99.00-99.00   -99  0.00  0.00  0.00  0.00 Harvest      

*RUN 12   : UYAG1701CS 12,0 Cultivars CSYCA048                                 

@ TIER SRADA  TMXA  TMNA  PREA  TWLA  CO2A  WFPA  WFGA  NFPA  NFGA  TIER_END  
     1  17.4  29.9  22.9 10.55 12.11   412  0.00  0.00  0.00  0.00 2ndBranch    
     2  17.6  31.3  22.7 17.83 11.74   412  0.00  0.00  0.00  0.00 3rdBranch    
     3  19.2  34.2  20.2  0.18 11.49   412  0.02  0.19  0.00  0.00 4thBranch    
     4  20.1  36.1  21.8  0.26 11.72   413  0.07  0.32  0.00  0.00 5thBranch    
     5  20.0  34.8  25.2  4.64 12.29   413  0.03  0.24  0.00  0.00 6thBranch    
     6  17.6  31.2  23.4  5.02 12.53   414  0.00  0.00  0.00  0.00 7thBranch    
     7  16.1  29.4  22.8  2.62 12.46   414  0.00  0.00  0.00  0.00 8thBranch    
    16 -99.0 -99.0 -99.0-99.00-99.00   -99  0.00  0.00  0.00  0.00 Harvest      

*RUN 13   : UYAG1701CS 13,0 Cultivars CSYCA048                                 

@ TIER SRADA  TMXA  TMNA  PREA  TWLA  CO2A  WFPA  WFGA  NFPA  NFGA  TIER_END  
     1  17.4  29.9  22.9 10.55 12.11   412  0.00  0.00  0.00  0.00 2ndBranch    
     2  17.6  31.3  22.7 17.83 11.74   412  0.00  0.00  0.00  0.00 3rdBranch    
     3  19.2  34.2  20.2  0.18 11.49   412  0.02  0.19  0.00  0.00 4thBranch    
     4  20.1  36.1  21.8  0.26 11.72   413  0.07  0.32  0.00  0.00 5thBranch    
     5  20.0  34.8  25.2  4.64 12.29   413  0.03  0.24  0.00  0.00 6thBranch    
     6  17.6  31.2  23.4  5.02 12.53   414  0.00  0.00  0.00  0.00 7thBranch    
     7  16.1  29.4  22.8  2.62 12.46   414  0.00  0.00  0.00  0.00 8thBranch    
    16 -99.0 -99.0 -99.0-99.00-99.00   -99  0.00  0.00  0.00  0.00 Harvest      

*RUN 14   : UYAG1701CS 14,0 Cultivars CSYCA048                                 

@ TIER SRADA  TMXA  TMNA  PREA  TWLA  CO2A  WFPA  WFGA  NFPA  NFGA  TIER_END  
     1  17.4  29.9  22.9 10.55 12.11   412  0.00  0.00  0.00  0.00 2ndBranch    
     2  17.6  31.3  22.7 17.83 11.74   412  0.00  0.00  0.00  0.00 3rdBranch    
     3  19.2  34.2  20.2  0.18 11.49   412  0.02  0.19  0.00  0.00 4thBranch    
     4  20.1  36.1  21.8  0.26 11.72   413  0.07  0.32  0.00  0.00 5thBranch    
     5  20.0  34.8  25.2  4.64 12.29   413  0.03  0.24  0.00  0.00 6thBranch    
     6  17.6  31.2  23.4  5.02 12.53   414  0.00  0.00  0.00  0.00 7thBranch    
     7  16.1  29.4  22.8  2.62 12.46   414  0.00  0.00  0.00  0.00 8thBranch    
    16 -99.0 -99.0 -99.0-99.00-99.00   -99  0.00  0.00  0.00  0.00 Harvest      

*RUN 15   : UYAG1701CS 15,0 Cultivars CSYCA048                                 

@ TIER SRADA  TMXA  TMNA  PREA  TWLA  CO2A  WFPA  WFGA  NFPA  NFGA  TIER_END  
     1  17.4  29.9  22.9 10.55 12.11   412  0.00  0.00  0.00  0.00 2ndBranch    
     2  17.6  31.3  22.7 17.83 11.74   412  0.00  0.00  0.00  0.00 3rdBranch    
     3  19.2  34.2  20.2  0.18 11.49   412  0.02  0.19  0.00  0.00 4thBranch    
     4  20.1  36.1  21.8  0.26 11.72   413  0.07  0.32  0.00  0.00 5thBranch    
     5  20.0  34.8  25.2  4.64 12.29   413  0.03  0.24  0.00  0.00 6thBranch    
     6  17.6  31.2  23.4  5.02 12.53   414  0.00  0.00  0.00  0.00 7thBranch    
     7  16.1  29.4  22.8  2.62 12.46   414  0.00  0.00  0.00  0.00 8thBranch    
    16 -99.0 -99.0 -99.0-99.00-99.00   -99  0.00  0.00  0.00  0.00 Harvest      

*RUN 16   : UYAG1701CS 16,0 Cultivars CSYCA048                                 

@ TIER SRADA  TMXA  TMNA  PREA  TWLA  CO2A  WFPA  WFGA  NFPA  NFGA  TIER_END  
     1  17.4  29.9  22.9 10.55 12.11   412  0.00  0.00  0.00  0.00 2ndBranch    
     2  17.6  31.3  22.7 17.83 11.74   412  0.00  0.00  0.00  0.00 3rdBranch    
     3  19.2  34.2  20.2  0.18 11.49   412  0.02  0.19  0.00  0.00 4thBranch    
     4  20.1  36.1  21.8  0.26 11.72   413  0.07  0.32  0.00  0.00 5thBranch    
     5  20.0  34.8  25.2  4.64 12.29   413  0.03  0.24  0.00  0.00 6thBranch    
     6  17.6  31.2  23.4  5.02 12.53   414  0.00  0.00  0.00  0.00 7thBranch    
     7  16.1  29.4  22.8  2.62 12.46   414  0.00  0.00  0.00  0.00 8thBranch    
    16 -99.0 -99.0 -99.0-99.00-99.00   -99  0.00  0.00  0.00  0.00 Harvest      

*RUN 17   : UYAG1701CS 17,0 Cultivars CSYCA048                                 

@ TIER SRADA  TMXA  TMNA  PREA  TWLA  CO2A  WFPA  WFGA  NFPA  NFGA  TIER_END  
     1  17.4  29.9  22.9 10.55 12.11   412  0.00  0.00  0.00  0.00 2ndBranch    
     2  17.6  31.3  22.7 17.83 11.74   412  0.00  0.00  0.00  0.00 3rdBranch    
     3  19.2  34.2  20.2  0.18 11.49   412  0.02  0.19  0.00  0.00 4thBranch    
     4  20.1  36.1  21.8  0.26 11.72   413  0.07  0.32  0.00  0.00 5thBranch    
     5  20.0  34.8  25.2  4.64 12.29   413  0.03  0.24  0.00  0.00 6thBranch    
     6  17.6  31.2  23.4  5.02 12.53   414  0.00  0.00  0.00  0.00 7thBranch    
     7  16.1  29.4  22.8  2.62 12.46   414  0.00  0.00  0.00  0.00 8thBranch    
    16 -99.0 -99.0 -99.0-99.00-99.00   -99  0.00  0.00  0.00  0.00 Harvest      

*RUN 18   : UYAG1701CS 18,0 Cultivars CSYCA048                                 

@ TIER SRADA  TMXA  TMNA  PREA  TWLA  CO2A  WFPA  WFGA  NFPA  NFGA  TIER_END  
     1  17.4  29.9  22.9 10.55 12.11   412  0.00  0.00  0.00  0.00 2ndBranch    
     2  17.6  31.3  22.7 17.83 11.74   412  0.00  0.00  0.00  0.00 3rdBranch    
     3  19.2  34.2  20.2  0.18 11.49   412  0.02  0.19  0.00  0.00 4thBranch    
     4  20.1  36.1  21.8  0.26 11.72   413  0.07  0.32  0.00  0.00 5thBranch    
     5  20.0  34.8  25.2  4.64 12.29   413  0.03  0.24  0.00  0.00 6thBranch    
     6  17.6  31.2  23.4  5.02 12.53   414  0.00  0.00  0.00  0.00 7thBranch    
     7  16.1  29.4  22.8  2.62 12.46   414  0.00  0.00  0.00  0.00 8thBranch    
    16 -99.0 -99.0 -99.0-99.00-99.00   -99  0.00  0.00  0.00  0.00 Harvest      

*RUN 19   : UYAG1701CS 19,0 Cultivars CSYCA048                                 

@ TIER SRADA  TMXA  TMNA  PREA  TWLA  CO2A  WFPA  WFGA  NFPA  NFGA  TIER_END  
     1  17.4  29.9  22.9 10.55 12.11   412  0.00  0.00  0.00  0.00 2ndBranch    
     2  17.6  31.3  22.7 17.83 11.74   412  0.00  0.00  0.00  0.00 3rdBranch    
     3  19.2  34.2  20.2  0.18 11.49   412  0.02  0.19  0.00  0.00 4thBranch    
     4  20.1  36.1  21.8  0.26 11.72   413  0.07  0.32  0.00  0.00 5thBranch    
     5  20.0  34.8  25.2  4.64 12.29   413  0.03  0.24  0.00  0.00 6thBranch    
     6  17.6  31.2  23.4  5.02 12.53   414  0.00  0.00  0.00  0.00 7thBranch    
     7  16.1  29.4  22.8  2.62 12.46   414  0.00  0.00  0.00  0.00 8thBranch    
    16 -99.0 -99.0 -99.0-99.00-99.00   -99  0.00  0.00  0.00  0.00 Harvest      

*RUN 20   : UYAG1701CS 20,0 Cultivars CSYCA048                                 

@ TIER SRADA  TMXA  TMNA  PREA  TWLA  CO2A  WFPA  WFGA  NFPA  NFGA  TIER_END  
     1  17.4  29.9  22.9 10.55 12.11   412  0.00  0.00  0.00  0.00 2ndBranch    
     2  17.6  31.3  22.7 17.83 11.74   412  0.00  0.00  0.00  0.00 3rdBranch    
     3  19.2  34.2  20.2  0.18 11.49   412  0.02  0.19  0.00  0.00 4thBranch    
     4  20.1  36.1  21.8  0.26 11.72   413  0.07  0.32  0.00  0.00 5thBranch    
     5  20.0  34.8  25.2  4.64 12.29   413  0.03  0.24  0.00  0.00 6thBranch    
     6  17.6  31.2  23.4  5.02 12.53   414  0.00  0.00  0.00  0.00 7thBranch    
     7  16.1  29.4  22.8  2.62 12.46   414  0.00  0.00  0.00  0.00 8thBranch    
    16 -99.0 -99.0 -99.0-99.00-99.00   -99  0.00  0.00  0.00  0.00 Harvest      

*RUN 21   : UYAG1701CS 21,0 Cultivars CSYCA048                                 

@ TIER SRADA  TMXA  TMNA  PREA  TWLA  CO2A  WFPA  WFGA  NFPA  NFGA  TIER_END  
     1  17.4  29.9  22.9 10.55 12.11   412  0.00  0.00  0.00  0.00 2ndBranch    
     2  17.6  31.3  22.7 17.83 11.74   412  0.00  0.00  0.00  0.00 3rdBranch    
     3  19.2  34.2  20.2  0.18 11.49   412  0.02  0.19  0.00  0.00 4thBranch    
     4  20.1  36.1  21.8  0.26 11.72   413  0.07  0.32  0.00  0.00 5thBranch    
     5  20.0  34.8  25.2  4.64 12.29   413  0.03  0.24  0.00  0.00 6thBranch    
     6  17.6  31.2  23.4  5.02 12.53   414  0.00  0.00  0.00  0.00 7thBranch    
     7  16.1  29.4  22.8  2.62 12.46   414  0.00  0.00  0.00  0.00 8thBranch    
    16 -99.0 -99.0 -99.0-99.00-99.00   -99  0.00  0.00  0.00  0.00 Harvest      

*RUN 22   : UYAG1701CS 22,0 Cultivars CSYCA048                                 

@ TIER SRADA  TMXA  TMNA  PREA  TWLA  CO2A  WFPA  WFGA  NFPA  NFGA  TIER_END  
     1  17.4  29.9  22.9 10.55 12.11   412  0.00  0.00  0.00  0.00 2ndBranch    
     2  17.6  31.3  22.7 17.83 11.74   412  0.00  0.00  0.00  0.00 3rdBranch    
     3  19.2  34.2  20.2  0.18 11.49   412  0.02  0.19  0.00  0.00 4thBranch    
     4  20.1  36.1  21.8  0.26 11.72   413  0.07  0.32  0.00  0.00 5thBranch    
     5  20.0  34.8  25.2  4.64 12.29   413  0.03  0.24  0.00  0.00 6thBranch    
     6  17.6  31.2  23.4  5.02 12.53   414  0.00  0.00  0.00  0.00 7thBranch    
     7  16.1  29.4  22.8  2.62 12.46   414  0.00  0.00  0.00  0.00 8thBranch    
    16 -99.0 -99.0 -99.0-99.00-99.00   -99  0.00  0.00  0.00  0.00 Harvest      

*RUN 23   : UYAG1701CS 23,0 Cultivars CSYCA048                                 

@ TIER SRADA  TMXA  TMNA  PREA  TWLA  CO2A  WFPA  WFGA  NFPA  NFGA  TIER_END  
     1  17.4  29.9  22.9 10.55 12.11   412  0.00  0.00  0.00  0.00 2ndBranch    
     2  17.6  31.3  22.7 17.83 11.74   412  0.00  0.00  0.00  0.00 3rdBranch    
     3  19.2  34.2  20.2  0.18 11.49   412  0.02  0.19  0.00  0.00 4thBranch    
     4  20.1  36.1  21.8  0.26 11.72   413  0.07  0.32  0.00  0.00 5thBranch    
     5  20.0  34.8  25.2  4.64 12.29   413  0.03  0.24  0.00  0.00 6thBranch    
     6  17.6  31.2  23.4  5.02 12.53   414  0.00  0.00  0.00  0.00 7thBranch    
     7  16.1  29.4  22.8  2.62 12.46   414  0.00  0.00  0.00  0.00 8thBranch    
    16 -99.0 -99.0 -99.0-99.00-99.00   -99  0.00  0.00  0.00  0.00 Harvest      

*RUN 24   : UYAG1701CS 24,0 Cultivars CSYCA048                                 

@ TIER SRADA  TMXA  TMNA  PREA  TWLA  CO2A  WFPA  WFGA  NFPA  NFGA  TIER_END  
     1  17.4  29.9  22.9 10.55 12.11   412  0.00  0.00  0.00  0.00 2ndBranch    
     2  17.6  31.3  22.7 17.83 11.74   412  0.00  0.00  0.00  0.00 3rdBranch    
     3  19.2  34.2  20.2  0.18 11.49   412  0.02  0.19  0.00  0.00 4thBranch    
     4  20.1  36.1  21.8  0.26 11.72   413  0.07  0.32  0.00  0.00 5thBranch    
     5  20.0  34.8  25.2  4.64 12.29   413  0.03  0.24  0.00  0.00 6thBranch    
     6  17.6  31.2  23.4  5.02 12.53   414  0.00  0.00  0.00  0.00 7thBranch    
     7  16.1  29.4  22.8  2.62 12.46   414  0.00  0.00  0.00  0.00 8thBranch    
    16 -99.0 -99.0 -99.0-99.00-99.00   -99  0.00  0.00  0.00  0.00 Harvest      

*RUN 25   : UYAG1701CS 25,0 Cultivars CSYCA048                                 

@ TIER SRADA  TMXA  TMNA  PREA  TWLA  CO2A  WFPA  WFGA  NFPA  NFGA  TIER_END  
     1  17.4  29.9  22.9 10.55 12.11   412  0.00  0.00  0.00  0.00 2ndBranch    
     2  17.6  31.3  22.7 17.83 11.74   412  0.00  0.00  0.00  0.00 3rdBranch    
     3  19.2  34.2  20.2  0.18 11.49   412  0.02  0.19  0.00  0.00 4thBranch    
     4  20.1  36.1  21.8  0.26 11.72   413  0.07  0.32  0.00  0.00 5thBranch    
     5  20.0  34.8  25.2  4.64 12.29   413  0.03  0.24  0.00  0.00 6thBranch    
     6  17.6  31.2  23.4  5.02 12.53   414  0.00  0.00  0.00  0.00 7thBranch    
     7  16.1  29.4  22.8  2.62 12.46   414  0.00  0.00  0.00  0.00 8thBranch    
    16 -99.0 -99.0 -99.0-99.00-99.00   -99  0.00  0.00  0.00  0.00 Harvest      

*RUN 26   : UYAG1701CS 26,0 Cultivars CSYCA048                                 

@ TIER SRADA  TMXA  TMNA  PREA  TWLA  CO2A  WFPA  WFGA  NFPA  NFGA  TIER_END  
     1  17.4  29.9  22.9 10.55 12.11   412  0.00  0.00  0.00  0.00 2ndBranch    
     2  17.6  31.3  22.7 17.83 11.74   412  0.00  0.00  0.00  0.00 3rdBranch    
     3  19.2  34.2  20.2  0.18 11.49   412  0.02  0.19  0.00  0.00 4thBranch    
     4  20.1  36.1  21.8  0.26 11.72   413  0.07  0.32  0.00  0.00 5thBranch    
     5  20.0  34.8  25.2  4.64 12.29   413  0.03  0.24  0.00  0.00 6thBranch    
     6  17.6  31.2  23.4  5.02 12.53   414  0.00  0.00  0.00  0.00 7thBranch    
     7  16.1  29.4  22.8  2.62 12.46   414  0.00  0.00  0.00  0.00 8thBranch    
    16 -99.0 -99.0 -99.0-99.00-99.00   -99  0.00  0.00  0.00  0.00 Harvest      

*RUN 27   : UYAG1701CS 27,0 Cultivars CSYCA048                                 

@ TIER SRADA  TMXA  TMNA  PREA  TWLA  CO2A  WFPA  WFGA  NFPA  NFGA  TIER_END  
     1  17.4  29.9  22.9 10.55 12.11   412  0.00  0.00  0.00  0.00 2ndBranch    
     2  17.6  31.3  22.7 17.83 11.74   412  0.00  0.00  0.00  0.00 3rdBranch    
     3  19.2  34.2  20.2  0.18 11.49   412  0.02  0.19  0.00  0.00 4thBranch    
     4  20.1  36.1  21.8  0.26 11.72   413  0.07  0.32  0.00  0.00 5thBranch    
     5  20.0  34.8  25.2  4.64 12.29   413  0.03  0.24  0.00  0.00 6thBranch    
     6  17.6  31.2  23.4  5.02 12.53   414  0.00  0.00  0.00  0.00 7thBranch    
     7  16.1  29.4  22.8  2.62 12.46   414  0.00  0.00  0.00  0.00 8thBranch    
    16 -99.0 -99.0 -99.0-99.00-99.00   -99  0.00  0.00  0.00  0.00 Harvest      

*RUN 28   : UYAG1701CS 28,0 Cultivars CSYCA048                                 

@ TIER SRADA  TMXA  TMNA  PREA  TWLA  CO2A  WFPA  WFGA  NFPA  NFGA  TIER_END  
     1  17.4  29.9  22.9 10.55 12.11   412  0.00  0.00  0.00  0.00 2ndBranch    
     2  17.6  31.3  22.7 17.83 11.74   412  0.00  0.00  0.00  0.00 3rdBranch    
     3  19.2  34.2  20.2  0.18 11.49   412  0.02  0.19  0.00  0.00 4thBranch    
     4  20.1  36.1  21.8  0.26 11.72   413  0.07  0.32  0.00  0.00 5thBranch    
     5  20.0  34.8  25.2  4.64 12.29   413  0.03  0.24  0.00  0.00 6thBranch    
     6  17.6  31.2  23.4  5.02 12.53   414  0.00  0.00  0.00  0.00 7thBranch    
     7  16.1  29.4  22.8  2.62 12.46   414  0.00  0.00  0.00  0.00 8thBranch    
    16 -99.0 -99.0 -99.0-99.00-99.00   -99  0.00  0.00  0.00  0.00 Harvest      

*RUN 29   : UYAG1701CS 29,0 Cultivars CSYCA048                                 

@ TIER SRADA  TMXA  TMNA  PREA  TWLA  CO2A  WFPA  WFGA  NFPA  NFGA  TIER_END  
     1  17.4  29.9  22.9 10.55 12.11   412  0.00  0.00  0.00  0.00 2ndBranch    
     2  17.6  31.3  22.7 17.83 11.74   412  0.00  0.00  0.00  0.00 3rdBranch    
     3  19.2  34.2  20.2  0.18 11.49   412  0.02  0.19  0.00  0.00 4thBranch    
     4  20.1  36.1  21.8  0.26 11.72   413  0.07  0.32  0.00  0.00 5thBranch    
     5  20.0  34.8  25.2  4.64 12.29   413  0.03  0.24  0.00  0.00 6thBranch    
     6  17.6  31.2  23.4  5.02 12.53   414  0.00  0.00  0.00  0.00 7thBranch    
     7  16.1  29.4  22.8  2.62 12.46   414  0.00  0.00  0.00  0.00 8thBranch    
    16 -99.0 -99.0 -99.0-99.00-99.00   -99  0.00  0.00  0.00  0.00 Harvest      

*RUN 30   : UYAG1701CS 30,0 Cultivars CSYCA048                                 

@ TIER SRADA  TMXA  TMNA  PREA  TWLA  CO2A  WFPA  WFGA  NFPA  NFGA  TIER_END  
     1  17.4  29.9  22.9 10.55 12.11   412  0.00  0.00  0.00  0.00 2ndBranch    
     2  17.6  31.3  22.7 17.83 11.74   412  0.00  0.00  0.00  0.00 3rdBranch    
     3  19.2  34.2  20.2  0.18 11.49   412  0.02  0.19  0.00  0.00 4thBranch    
     4  20.1  36.1  21.8  0.26 11.72   413  0.07  0.32  0.00  0.00 5thBranch    
     5  20.0  34.8  25.2  4.64 12.29   413  0.03  0.24  0.00  0.00 6thBranch    
     6  17.6  31.2  23.4  5.02 12.53   414  0.00  0.00  0.00  0.00 7thBranch    
     7  16.1  29.4  22.8  2.62 12.46   414  0.00  0.00  0.00  0.00 8thBranch    
    16 -99.0 -99.0 -99.0-99.00-99.00   -99  0.00  0.00  0.00  0.00 Harvest      

*RUN 31   : UYAG1701CS 31,0 Cultivars CSYCA048                                 

@ TIER SRADA  TMXA  TMNA  PREA  TWLA  CO2A  WFPA  WFGA  NFPA  NFGA  TIER_END  
     1  17.4  29.9  22.9 10.55 12.11   412  0.00  0.00  0.00  0.00 2ndBranch    
     2  17.6  31.3  22.7 17.83 11.74   412  0.00  0.00  0.00  0.00 3rdBranch    
     3  19.2  34.2  20.2  0.18 11.49   412  0.02  0.19  0.00  0.00 4thBranch    
     4  20.1  36.1  21.8  0.26 11.72   413  0.07  0.32  0.00  0.00 5thBranch    
     5  20.0  34.8  25.2  4.64 12.29   413  0.03  0.24  0.00  0.00 6thBranch    
     6  17.6  31.2  23.4  5.02 12.53   414  0.00  0.00  0.00  0.00 7thBranch    
     7  16.1  29.4  22.8  2.62 12.46   414  0.00  0.00  0.00  0.00 8thBranch    
    16 -99.0 -99.0 -99.0-99.00-99.00   -99  0.00  0.00  0.00  0.00 Harvest      

*RUN 32   : UYAG1701CS 32,0 Cultivars CSYCA048                                 

@ TIER SRADA  TMXA  TMNA  PREA  TWLA  CO2A  WFPA  WFGA  NFPA  NFGA  TIER_END  
     1  17.4  29.9  22.9 10.55 12.11   412  0.00  0.00  0.00  0.00 2ndBranch    
     2  17.6  31.3  22.7 17.83 11.74   412  0.00  0.00  0.00  0.00 3rdBranch    
     3  19.2  34.2  20.2  0.18 11.49   412  0.02  0.19  0.00  0.00 4thBranch    
     4  20.1  36.1  21.8  0.26 11.72   413  0.07  0.32  0.00  0.00 5thBranch    
     5  20.0  34.8  25.2  4.64 12.29   413  0.03  0.24  0.00  0.00 6thBranch    
     6  17.6  31.2  23.4  5.02 12.53   414  0.00  0.00  0.00  0.00 7thBranch    
     7  16.1  29.4  22.8  2.62 12.46   414  0.00  0.00  0.00  0.00 8thBranch    
    16 -99.0 -99.0 -99.0-99.00-99.00   -99  0.00  0.00  0.00  0.00 Harvest      

*RUN 33   : UYAG1701CS 33,0 Cultivars CSYCA048                                 

@ TIER SRADA  TMXA  TMNA  PREA  TWLA  CO2A  WFPA  WFGA  NFPA  NFGA  TIER_END  
     1  17.4  29.9  22.9 10.55 12.11   412  0.00  0.00  0.00  0.00 2ndBranch    
     2  17.6  31.3  22.7 17.83 11.74   412  0.00  0.00  0.00  0.00 3rdBranch    
     3  19.2  34.2  20.2  0.18 11.49   412  0.02  0.19  0.00  0.00 4thBranch    
     4  20.1  36.1  21.8  0.26 11.72   413  0.07  0.32  0.00  0.00 5thBranch    
     5  20.0  34.8  25.2  4.64 12.29   413  0.03  0.24  0.00  0.00 6thBranch    
     6  17.6  31.2  23.4  5.02 12.53   414  0.00  0.00  0.00  0.00 7thBranch    
     7  16.1  29.4  22.8  2.62 12.46   414  0.00  0.00  0.00  0.00 8thBranch    
    16 -99.0 -99.0 -99.0-99.00-99.00   -99  0.00  0.00  0.00  0.00 Harvest      

*RUN 34   : UYAG1701CS 34,0 Cultivars CSYCA048                                 

@ TIER SRADA  TMXA  TMNA  PREA  TWLA  CO2A  WFPA  WFGA  NFPA  NFGA  TIER_END  
     1  17.4  29.9  22.9 10.55 12.11   412  0.00  0.00  0.00  0.00 2ndBranch    
     2  17.6  31.3  22.7 17.83 11.74   412  0.00  0.00  0.00  0.00 3rdBranch    
     3  19.2  34.2  20.2  0.18 11.49   412  0.02  0.19  0.00  0.00 4thBranch    
     4  20.1  36.1  21.8  0.26 11.72   413  0.07  0.32  0.00  0.00 5thBranch    
     5  20.0  34.8  25.2  4.64 12.29   413  0.03  0.24  0.00  0.00 6thBranch    
     6  17.6  31.2  23.4  5.02 12.53   414  0.00  0.00  0.00  0.00 7thBranch    
     7  16.1  29.4  22.8  2.62 12.46   414  0.00  0.00  0.00  0.00 8thBranch    
    16 -99.0 -99.0 -99.0-99.00-99.00   -99  0.00  0.00  0.00  0.00 Harvest      

*RUN 35   : UYAG1701CS 35,0 Cultivars CSYCA048                                 

@ TIER SRADA  TMXA  TMNA  PREA  TWLA  CO2A  WFPA  WFGA  NFPA  NFGA  TIER_END  
     1  17.4  29.9  22.9 10.55 12.11   412  0.00  0.00  0.00  0.00 2ndBranch    
     2  17.6  31.3  22.7 17.83 11.74   412  0.00  0.00  0.00  0.00 3rdBranch    
     3  19.2  34.2  20.2  0.18 11.49   412  0.02  0.19  0.00  0.00 4thBranch    
     4  20.1  36.1  21.8  0.26 11.72   413  0.07  0.32  0.00  0.00 5thBranch    
     5  20.0  34.8  25.2  4.64 12.29   413  0.03  0.24  0.00  0.00 6thBranch    
     6  17.6  31.2  23.4  5.02 12.53   414  0.00  0.00  0.00  0.00 7thBranch    
     7  16.1  29.4  22.8  2.62 12.46   414  0.00  0.00  0.00  0.00 8thBranch    
    16 -99.0 -99.0 -99.0-99.00-99.00   -99  0.00  0.00  0.00  0.00 Harvest      

*RUN 36   : UYAG1701CS 36,0 Cultivars CSYCA048                                 

@ TIER SRADA  TMXA  TMNA  PREA  TWLA  CO2A  WFPA  WFGA  NFPA  NFGA  TIER_END  
     1  17.4  29.9  22.9 10.55 12.11   412  0.00  0.00  0.00  0.00 2ndBranch    
     2  17.6  31.3  22.7 17.83 11.74   412  0.00  0.00  0.00  0.00 3rdBranch    
     3  19.2  34.2  20.2  0.18 11.49   412  0.02  0.19  0.00  0.00 4thBranch    
     4  20.1  36.1  21.8  0.26 11.72   413  0.07  0.32  0.00  0.00 5thBranch    
     5  20.0  34.8  25.2  4.64 12.29   413  0.03  0.24  0.00  0.00 6thBranch    
     6  17.6  31.2  23.4  5.02 12.53   414  0.00  0.00  0.00  0.00 7thBranch    
     7  16.1  29.4  22.8  2.62 12.46   414  0.00  0.00  0.00  0.00 8thBranch    
    16 -99.0 -99.0 -99.0-99.00-99.00   -99  0.00  0.00  0.00  0.00 Harvest      

*RUN 37   : UYAG1701CS 37,0 Cultivars CSYCA048                                 

@ TIER SRADA  TMXA  TMNA  PREA  TWLA  CO2A  WFPA  WFGA  NFPA  NFGA  TIER_END  
     1  17.4  29.9  22.9 10.55 12.11   412  0.00  0.00  0.00  0.00 2ndBranch    
     2  17.6  31.3  22.7 17.83 11.74   412  0.00  0.00  0.00  0.00 3rdBranch    
     3  19.2  34.2  20.2  0.18 11.49   412  0.02  0.19  0.00  0.00 4thBranch    
     4  20.1  36.1  21.8  0.26 11.72   413  0.07  0.32  0.00  0.00 5thBranch    
     5  20.0  34.8  25.2  4.64 12.29   413  0.03  0.24  0.00  0.00 6thBranch    
     6  17.6  31.2  23.4  5.02 12.53   414  0.00  0.00  0.00  0.00 7thBranch    
     7  16.1  29.4  22.8  2.62 12.46   414  0.00  0.00  0.00  0.00 8thBranch    
    16 -99.0 -99.0 -99.0-99.00-99.00   -99  0.00  0.00  0.00  0.00 Harvest      

*RUN 38   : UYAG1701CS 38,0 Cultivars CSYCA048                                 

@ TIER SRADA  TMXA  TMNA  PREA  TWLA  CO2A  WFPA  WFGA  NFPA  NFGA  TIER_END  
     1  17.4  29.9  22.9 10.55 12.11   412  0.00  0.00  0.00  0.00 2ndBranch    
     2  17.6  31.3  22.7 17.83 11.74   412  0.00  0.00  0.00  0.00 3rdBranch    
     3  19.2  34.2  20.2  0.18 11.49   412  0.02  0.19  0.00  0.00 4thBranch    
     4  20.1  36.1  21.8  0.26 11.72   413  0.07  0.32  0.00  0.00 5thBranch    
     5  20.0  34.8  25.2  4.64 12.29   413  0.03  0.24  0.00  0.00 6thBranch    
     6  17.6  31.2  23.4  5.02 12.53   414  0.00  0.00  0.00  0.00 7thBranch    
     7  16.1  29.4  22.8  2.62 12.46   414  0.00  0.00  0.00  0.00 8thBranch    
    16 -99.0 -99.0 -99.0-99.00-99.00   -99  0.00  0.00  0.00  0.00 Harvest      

*RUN 39   : UYAG1701CS 39,0 Cultivars CSYCA048                                 

@ TIER SRADA  TMXA  TMNA  PREA  TWLA  CO2A  WFPA  WFGA  NFPA  NFGA  TIER_END  
     1  17.4  29.9  22.9 10.55 12.11   412  0.00  0.00  0.00  0.00 2ndBranch    
     2  17.6  31.3  22.7 17.83 11.74   412  0.00  0.00  0.00  0.00 3rdBranch    
     3  19.2  34.2  20.2  0.18 11.49   412  0.02  0.19  0.00  0.00 4thBranch    
     4  20.1  36.1  21.8  0.26 11.72   413  0.07  0.32  0.00  0.00 5thBranch    
     5  20.0  34.8  25.2  4.64 12.29   413  0.03  0.24  0.00  0.00 6thBranch    
     6  17.6  31.2  23.4  5.02 12.53   414  0.00  0.00  0.00  0.00 7thBranch    
     7  16.1  29.4  22.8  2.62 12.46   414  0.00  0.00  0.00  0.00 8thBranch    
    16 -99.0 -99.0 -99.0-99.00-99.00   -99  0.00  0.00  0.00  0.00 Harvest      

*RUN 40   : UYAG1701CS 40,0 Cultivars CSYCA048                                 

@ TIER SRADA  TMXA  TMNA  PREA  TWLA  CO2A  WFPA  WFGA  NFPA  NFGA  TIER_END  
     1  17.4  29.9  22.9 10.55 12.11   412  0.00  0.00  0.00  0.00 2ndBranch    
     2  17.6  31.3  22.7 17.83 11.74   412  0.00  0.00  0.00  0.00 3rdBranch    
     3  19.2  34.2  20.2  0.18 11.49   412  0.02  0.19  0.00  0.00 4thBranch    
     4  20.1  36.1  21.8  0.26 11.72   413  0.07  0.32  0.00  0.00 5thBranch    
     5  20.0  34.8  25.2  4.64 12.29   413  0.03  0.24  0.00  0.00 6thBranch    
     6  17.6  31.2  23.4  5.02 12.53   414  0.00  0.00  0.00  0.00 7thBranch    
     7  16.1  29.4  22.8  2.62 12.46   414  0.00  0.00  0.00  0.00 8thBranch    
    16 -99.0 -99.0 -99.0-99.00-99.00   -99  0.00  0.00  0.00  0.00 Harvest      

*RUN 41   : UYAG1701CS 41,0 Cultivars CSYCA048                                 

@ TIER SRADA  TMXA  TMNA  PREA  TWLA  CO2A  WFPA  WFGA  NFPA  NFGA  TIER_END  
     1  17.4  29.9  22.9 10.55 12.11   412  0.00  0.00  0.00  0.00 2ndBranch    
     2  17.6  31.3  22.7 17.83 11.74   412  0.00  0.00  0.00  0.00 3rdBranch    
     3  19.2  34.2  20.2  0.18 11.49   412  0.02  0.19  0.00  0.00 4thBranch    
     4  20.1  36.1  21.8  0.26 11.72   413  0.07  0.32  0.00  0.00 5thBranch    
     5  20.0  34.8  25.2  4.64 12.29   413  0.03  0.24  0.00  0.00 6thBranch    
     6  17.6  31.2  23.4  5.02 12.53   414  0.00  0.00  0.00  0.00 7thBranch    
     7  16.1  29.4  22.8  2.62 12.46   414  0.00  0.00  0.00  0.00 8thBranch    
    16 -99.0 -99.0 -99.0-99.00-99.00   -99  0.00  0.00  0.00  0.00 Harvest      

*RUN 42   : UYAG1701CS 42,0 Cultivars CSYCA048                                 

@ TIER SRADA  TMXA  TMNA  PREA  TWLA  CO2A  WFPA  WFGA  NFPA  NFGA  TIER_END  
     1  17.4  29.9  22.9 10.55 12.11   412  0.00  0.00  0.00  0.00 2ndBranch    
     2  17.6  31.3  22.7 17.83 11.74   412  0.00  0.00  0.00  0.00 3rdBranch    
     3  19.2  34.2  20.2  0.18 11.49   412  0.02  0.19  0.00  0.00 4thBranch    
     4  20.1  36.1  21.8  0.26 11.72   413  0.07  0.32  0.00  0.00 5thBranch    
     5  20.0  34.8  25.2  4.64 12.29   413  0.03  0.24  0.00  0.00 6thBranch    
     6  17.6  31.2  23.4  5.02 12.53   414  0.00  0.00  0.00  0.00 7thBranch    
     7  16.1  29.4  22.8  2.62 12.46   414  0.00  0.00  0.00  0.00 8thBranch    
    16 -99.0 -99.0 -99.0-99.00-99.00   -99  0.00  0.00  0.00  0.00 Harvest      

*RUN 43   : UYAG1701CS 43,0 Cultivars CSYCA048                                 

@ TIER SRADA  TMXA  TMNA  PREA  TWLA  CO2A  WFPA  WFGA  NFPA  NFGA  TIER_END  
     1  17.4  29.9  22.9 10.55 12.11   412  0.00  0.00  0.00  0.00 2ndBranch    
     2  17.6  31.3  22.7 17.83 11.74   412  0.00  0.00  0.00  0.00 3rdBranch    
     3  19.2  34.2  20.2  0.18 11.49   412  0.02  0.19  0.00  0.00 4thBranch    
     4  20.1  36.1  21.8  0.26 11.72   413  0.07  0.32  0.00  0.00 5thBranch    
     5  20.0  34.8  25.2  4.64 12.29   413  0.03  0.24  0.00  0.00 6thBranch    
     6  17.6  31.2  23.4  5.02 12.53   414  0.00  0.00  0.00  0.00 7thBranch    
     7  16.1  29.4  22.8  2.62 12.46   414  0.00  0.00  0.00  0.00 8thBranch    
    16 -99.0 -99.0 -99.0-99.00-99.00   -99  0.00  0.00  0.00  0.00 Harvest      

*RUN 44   : UYAG1701CS 44,0 Cultivars CSYCA048                                 

@ TIER SRADA  TMXA  TMNA  PREA  TWLA  CO2A  WFPA  WFGA  NFPA  NFGA  TIER_END  
     1  17.4  29.9  22.9 10.55 12.11   412  0.00  0.00  0.00  0.00 2ndBranch    
     2  17.6  31.3  22.7 17.83 11.74   412  0.00  0.00  0.00  0.00 3rdBranch    
     3  19.2  34.2  20.2  0.18 11.49   412  0.02  0.19  0.00  0.00 4thBranch    
     4  20.1  36.1  21.8  0.26 11.72   413  0.07  0.32  0.00  0.00 5thBranch    
     5  20.0  34.8  25.2  4.64 12.29   413  0.03  0.24  0.00  0.00 6thBranch    
     6  17.6  31.2  23.4  5.02 12.53   414  0.00  0.00  0.00  0.00 7thBranch    
     7  16.1  29.4  22.8  2.62 12.46   414  0.00  0.00  0.00  0.00 8thBranch    
    16 -99.0 -99.0 -99.0-99.00-99.00   -99  0.00  0.00  0.00  0.00 Harvest      

*RUN 45   : UYAG1701CS 45,0 Cultivars CSYCA048                                 

@ TIER SRADA  TMXA  TMNA  PREA  TWLA  CO2A  WFPA  WFGA  NFPA  NFGA  TIER_END  
     1  17.4  29.9  22.9 10.55 12.11   412  0.00  0.00  0.00  0.00 2ndBranch    
     2  17.6  31.3  22.7 17.83 11.74   412  0.00  0.00  0.00  0.00 3rdBranch    
     3  19.2  34.2  20.2  0.18 11.49   412  0.02  0.19  0.00  0.00 4thBranch    
     4  20.1  36.1  21.8  0.26 11.72   413  0.07  0.32  0.00  0.00 5thBranch    
     5  20.0  34.8  25.2  4.64 12.29   413  0.03  0.24  0.00  0.00 6thBranch    
     6  17.6  31.2  23.4  5.02 12.53   414  0.00  0.00  0.00  0.00 7thBranch    
     7  16.1  29.4  22.8  2.62 12.46   414  0.00  0.00  0.00  0.00 8thBranch    
    16 -99.0 -99.0 -99.0-99.00-99.00   -99  0.00  0.00  0.00  0.00 Harvest      

*RUN 46   : UYAG1701CS 46,0 Cultivars CSYCA048                                 

@ TIER SRADA  TMXA  TMNA  PREA  TWLA  CO2A  WFPA  WFGA  NFPA  NFGA  TIER_END  
     1  17.4  29.9  22.9 10.55 12.11   412  0.00  0.00  0.00  0.00 2ndBranch    
     2  17.6  31.3  22.7 17.83 11.74   412  0.00  0.00  0.00  0.00 3rdBranch    
     3  19.2  34.2  20.2  0.18 11.49   412  0.02  0.19  0.00  0.00 4thBranch    
     4  20.1  36.1  21.8  0.26 11.72   413  0.07  0.32  0.00  0.00 5thBranch    
     5  20.0  34.8  25.2  4.64 12.29   413  0.03  0.24  0.00  0.00 6thBranch    
     6  17.6  31.2  23.4  5.02 12.53   414  0.00  0.00  0.00  0.00 7thBranch    
     7  16.1  29.4  22.8  2.62 12.46   414  0.00  0.00  0.00  0.00 8thBranch    
    16 -99.0 -99.0 -99.0-99.00-99.00   -99  0.00  0.00  0.00  0.00 Harvest      

*RUN 47   : UYAG1701CS 47,0 Cultivars CSYCA048                                 

@ TIER SRADA  TMXA  TMNA  PREA  TWLA  CO2A  WFPA  WFGA  NFPA  NFGA  TIER_END  
     1  17.4  29.9  22.9 10.55 12.11   412  0.00  0.00  0.00  0.00 2ndBranch    
     2  17.6  31.3  22.7 17.83 11.74   412  0.00  0.00  0.00  0.00 3rdBranch    
     3  19.2  34.2  20.2  0.18 11.49   412  0.02  0.19  0.00  0.00 4thBranch    
     4  20.1  36.1  21.8  0.26 11.72   413  0.07  0.32  0.00  0.00 5thBranch    
     5  20.0  34.8  25.2  4.64 12.29   413  0.03  0.24  0.00  0.00 6thBranch    
     6  17.6  31.2  23.4  5.02 12.53   414  0.00  0.00  0.00  0.00 7thBranch    
     7  16.1  29.4  22.8  2.62 12.46   414  0.00  0.00  0.00  0.00 8thBranch    
    16 -99.0 -99.0 -99.0-99.00-99.00   -99  0.00  0.00  0.00  0.00 Harvest      

*RUN 48   : UYAG1701CS 48,0 Cultivars CSYCA048                                 

@ TIER SRADA  TMXA  TMNA  PREA  TWLA  CO2A  WFPA  WFGA  NFPA  NFGA  TIER_END  
     1  17.4  29.9  22.9 10.55 12.11   412  0.00  0.00  0.00  0.00 2ndBranch    
     2  17.6  31.3  22.7 17.83 11.74   412  0.00  0.00  0.00  0.00 3rdBranch    
     3  19.2  34.2  20.2  0.18 11.49   412  0.02  0.19  0.00  0.00 4thBranch    
     4  20.1  36.1  21.8  0.26 11.72   413  0.07  0.32  0.00  0.00 5thBranch    
     5  20.0  34.8  25.2  4.64 12.29   413  0.03  0.24  0.00  0.00 6thBranch    
     6  17.6  31.2  23.4  5.02 12.53   414  0.00  0.00  0.00  0.00 7thBranch    
     7  16.1  29.4  22.8  2.62 12.46   414  0.00  0.00  0.00  0.00 8thBranch    
    16 -99.0 -99.0 -99.0-99.00-99.00   -99  0.00  0.00  0.00  0.00 Harvest      

*RUN 49   : UYAG1701CS 49,0 Cultivars CSYCA048                                 

@ TIER SRADA  TMXA  TMNA  PREA  TWLA  CO2A  WFPA  WFGA  NFPA  NFGA  TIER_END  
     1  17.4  29.9  22.9 10.55 12.11   412  0.00  0.00  0.00  0.00 2ndBranch    
     2  17.6  31.3  22.7 17.83 11.74   412  0.00  0.00  0.00  0.00 3rdBranch    
     3  19.2  34.2  20.2  0.18 11.49   412  0.02  0.19  0.00  0.00 4thBranch    
     4  20.1  36.1  21.8  0.26 11.72   413  0.07  0.32  0.00  0.00 5thBranch    
     5  20.0  34.8  25.2  4.64 12.29   413  0.03  0.24  0.00  0.00 6thBranch    
     6  17.6  31.2  23.4  5.02 12.53   414  0.00  0.00  0.00  0.00 7thBranch    
     7  16.1  29.4  22.8  2.62 12.46   414  0.00  0.00  0.00  0.00 8thBranch    
    16 -99.0 -99.0 -99.0-99.00-99.00   -99  0.00  0.00  0.00  0.00 Harvest      

*RUN 50   : UYAG1701CS 50,0 Cultivars CSYCA048                                 

@ TIER SRADA  TMXA  TMNA  PREA  TWLA  CO2A  WFPA  WFGA  NFPA  NFGA  TIER_END  
     1  17.4  29.9  22.9 10.55 12.11   412  0.00  0.00  0.00  0.00 2ndBranch    
     2  17.6  31.3  22.7 17.83 11.74   412  0.00  0.00  0.00  0.00 3rdBranch    
     3  19.2  34.2  20.2  0.18 11.49   412  0.02  0.19  0.00  0.00 4thBranch    
     4  20.1  36.1  21.8  0.26 11.72   413  0.07  0.32  0.00  0.00 5thBranch    
     5  20.0  34.8  25.2  4.64 12.29   413  0.03  0.24  0.00  0.00 6thBranch    
     6  17.6  31.2  23.4  5.02 12.53   414  0.00  0.00  0.00  0.00 7thBranch    
     7  16.1  29.4  22.8  2.62 12.46   414  0.00  0.00  0.00  0.00 8thBranch    
    16 -99.0 -99.0 -99.0-99.00-99.00   -99  0.00  0.00  0.00  0.00 Harvest      

*RUN 51   : UYAG1701CS 51,0 Cultivars CSYCA048                                 

@ TIER SRADA  TMXA  TMNA  PREA  TWLA  CO2A  WFPA  WFGA  NFPA  NFGA  TIER_END  
     1  17.4  29.9  22.9 10.55 12.11   412  0.00  0.00  0.00  0.00 2ndBranch    
     2  17.6  31.3  22.7 17.83 11.74   412  0.00  0.00  0.00  0.00 3rdBranch    
     3  19.2  34.2  20.2  0.18 11.49   412  0.02  0.19  0.00  0.00 4thBranch    
     4  20.1  36.1  21.8  0.26 11.72   413  0.07  0.32  0.00  0.00 5thBranch    
     5  20.0  34.8  25.2  4.64 12.29   413  0.03  0.24  0.00  0.00 6thBranch    
     6  17.6  31.2  23.4  5.02 12.53   414  0.00  0.00  0.00  0.00 7thBranch    
     7  16.1  29.4  22.8  2.62 12.46   414  0.00  0.00  0.00  0.00 8thBranch    
    16 -99.0 -99.0 -99.0-99.00-99.00   -99  0.00  0.00  0.00  0.00 Harvest      

*RUN 52   : UYAG1701CS 52,0 Cultivars CSYCA048                                 

@ TIER SRADA  TMXA  TMNA  PREA  TWLA  CO2A  WFPA  WFGA  NFPA  NFGA  TIER_END  
     1  17.4  29.9  22.9 10.55 12.11   412  0.00  0.00  0.00  0.00 2ndBranch    
     2  17.6  31.3  22.7 17.83 11.74   412  0.00  0.00  0.00  0.00 3rdBranch    
     3  19.2  34.2  20.2  0.18 11.49   412  0.02  0.19  0.00  0.00 4thBranch    
     4  20.1  36.1  21.8  0.26 11.72   413  0.07  0.32  0.00  0.00 5thBranch    
     5  20.0  34.8  25.2  4.64 12.29   413  0.03  0.24  0.00  0.00 6thBranch    
     6  17.6  31.2  23.4  5.02 12.53   414  0.00  0.00  0.00  0.00 7thBranch    
     7  16.1  29.4  22.8  2.62 12.46   414  0.00  0.00  0.00  0.00 8thBranch    
    16 -99.0 -99.0 -99.0-99.00-99.00   -99  0.00  0.00  0.00  0.00 Harvest      

*RUN 53   : UYAG1701CS 53,0 Cultivars CSYCA048                                 

@ TIER SRADA  TMXA  TMNA  PREA  TWLA  CO2A  WFPA  WFGA  NFPA  NFGA  TIER_END  
     1  17.4  29.9  22.9 10.55 12.11   412  0.00  0.00  0.00  0.00 2ndBranch    
     2  17.6  31.3  22.7 17.83 11.74   412  0.00  0.00  0.00  0.00 3rdBranch    
     3  19.2  34.2  20.2  0.18 11.49   412  0.02  0.19  0.00  0.00 4thBranch    
     4  20.1  36.1  21.8  0.26 11.72   413  0.07  0.32  0.00  0.00 5thBranch    
     5  20.0  34.8  25.2  4.64 12.29   413  0.03  0.24  0.00  0.00 6thBranch    
     6  17.6  31.2  23.4  5.02 12.53   414  0.00  0.00  0.00  0.00 7thBranch    
     7  16.1  29.4  22.8  2.62 12.46   414  0.00  0.00  0.00  0.00 8thBranch    
    16 -99.0 -99.0 -99.0-99.00-99.00   -99  0.00  0.00  0.00  0.00 Harvest      

*RUN 54   : UYAG1701CS 54,0 Cultivars CSYCA048                                 

@ TIER SRADA  TMXA  TMNA  PREA  TWLA  CO2A  WFPA  WFGA  NFPA  NFGA  TIER_END  
     1  17.4  29.9  22.9 10.55 12.11   412  0.00  0.00  0.00  0.00 2ndBranch    
     2  17.6  31.3  22.7 17.83 11.74   412  0.00  0.00  0.00  0.00 3rdBranch    
     3  19.2  34.2  20.2  0.18 11.49   412  0.02  0.19  0.00  0.00 4thBranch    
     4  20.1  36.1  21.8  0.26 11.72   413  0.07  0.32  0.00  0.00 5thBranch    
     5  20.0  34.8  25.2  4.64 12.29   413  0.03  0.24  0.00  0.00 6thBranch    
     6  17.6  31.2  23.4  5.02 12.53   414  0.00  0.00  0.00  0.00 7thBranch    
     7  16.1  29.4  22.8  2.62 12.46   414  0.00  0.00  0.00  0.00 8thBranch    
    16 -99.0 -99.0 -99.0-99.00-99.00   -99  0.00  0.00  0.00  0.00 Harvest      

*RUN 55   : UYAG1701CS 55,0 Cultivars CSYCA048                                 

@ TIER SRADA  TMXA  TMNA  PREA  TWLA  CO2A  WFPA  WFGA  NFPA  NFGA  TIER_END  
     1  17.4  29.9  22.9 10.55 12.11   412  0.00  0.00  0.00  0.00 2ndBranch    
     2  17.6  31.3  22.7 17.83 11.74   412  0.00  0.00  0.00  0.00 3rdBranch    
     3  19.2  34.2  20.2  0.18 11.49   412  0.02  0.19  0.00  0.00 4thBranch    
     4  20.1  36.1  21.8  0.26 11.72   413  0.07  0.32  0.00  0.00 5thBranch    
     5  20.0  34.8  25.2  4.64 12.29   413  0.03  0.24  0.00  0.00 6thBranch    
     6  17.6  31.2  23.4  5.02 12.53   414  0.00  0.00  0.00  0.00 7thBranch    
     7  16.1  29.4  22.8  2.62 12.46   414  0.00  0.00  0.00  0.00 8thBranch    
    16 -99.0 -99.0 -99.0-99.00-99.00   -99  0.00  0.00  0.00  0.00 Harvest      

*RUN 56   : UYAG1701CS 56,0 Cultivars CSYCA048                                 

@ TIER SRADA  TMXA  TMNA  PREA  TWLA  CO2A  WFPA  WFGA  NFPA  NFGA  TIER_END  
     1  17.4  29.9  22.9 10.55 12.11   412  0.00  0.00  0.00  0.00 2ndBranch    
     2  17.6  31.3  22.7 17.83 11.74   412  0.00  0.00  0.00  0.00 3rdBranch    
     3  19.2  34.2  20.2  0.18 11.49   412  0.02  0.19  0.00  0.00 4thBranch    
     4  20.1  36.1  21.8  0.26 11.72   413  0.07  0.32  0.00  0.00 5thBranch    
     5  20.0  34.8  25.2  4.64 12.29   413  0.03  0.24  0.00  0.00 6thBranch    
     6  17.6  31.2  23.4  5.02 12.53   414  0.00  0.00  0.00  0.00 7thBranch    
     7  16.1  29.4  22.8  2.62 12.46   414  0.00  0.00  0.00  0.00 8thBranch    
    16 -99.0 -99.0 -99.0-99.00-99.00   -99  0.00  0.00  0.00  0.00 Harvest      

*RUN 57   : UYAG1701CS 57,0 Cultivars CSYCA048                                 

@ TIER SRADA  TMXA  TMNA  PREA  TWLA  CO2A  WFPA  WFGA  NFPA  NFGA  TIER_END  
     1  17.4  29.9  22.9 10.55 12.11   412  0.00  0.00  0.00  0.00 2ndBranch    
     2  17.6  31.3  22.7 17.83 11.74   412  0.00  0.00  0.00  0.00 3rdBranch    
     3  19.2  34.2  20.2  0.18 11.49   412  0.02  0.19  0.00  0.00 4thBranch    
     4  20.1  36.1  21.8  0.26 11.72   413  0.07  0.32  0.00  0.00 5thBranch    
     5  20.0  34.8  25.2  4.64 12.29   413  0.03  0.24  0.00  0.00 6thBranch    
     6  17.6  31.2  23.4  5.02 12.53   414  0.00  0.00  0.00  0.00 7thBranch    
     7  16.1  29.4  22.8  2.62 12.46   414  0.00  0.00  0.00  0.00 8thBranch    
    16 -99.0 -99.0 -99.0-99.00-99.00   -99  0.00  0.00  0.00  0.00 Harvest      

*RUN 58   : UYAG1701CS 58,0 Cultivars CSYCA048                                 

@ TIER SRADA  TMXA  TMNA  PREA  TWLA  CO2A  WFPA  WFGA  NFPA  NFGA  TIER_END  
     1  17.4  29.9  22.9 10.55 12.11   412  0.00  0.00  0.00  0.00 2ndBranch    
     2  17.6  31.3  22.7 17.83 11.74   412  0.00  0.00  0.00  0.00 3rdBranch    
     3  19.2  34.2  20.2  0.18 11.49   412  0.02  0.19  0.00  0.00 4thBranch    
     4  20.1  36.1  21.8  0.26 11.72   413  0.07  0.32  0.00  0.00 5thBranch    
     5  20.0  34.8  25.2  4.64 12.29   413  0.03  0.24  0.00  0.00 6thBranch    
     6  17.6  31.2  23.4  5.02 12.53   414  0.00  0.00  0.00  0.00 7thBranch    
     7  16.1  29.4  22.8  2.62 12.46   414  0.00  0.00  0.00  0.00 8thBranch    
    16 -99.0 -99.0 -99.0-99.00-99.00   -99  0.00  0.00  0.00  0.00 Harvest      

*RUN 59   : UYAG1701CS 59,0 Cultivars CSYCA048                                 

@ TIER SRADA  TMXA  TMNA  PREA  TWLA  CO2A  WFPA  WFGA  NFPA  NFGA  TIER_END  
     1  17.4  29.9  22.9 10.55 12.11   412  0.00  0.00  0.00  0.00 2ndBranch    
     2  17.6  31.3  22.7 17.83 11.74   412  0.00  0.00  0.00  0.00 3rdBranch    
     3  19.2  34.2  20.2  0.18 11.49   412  0.02  0.19  0.00  0.00 4thBranch    
     4  20.1  36.1  21.8  0.26 11.72   413  0.07  0.32  0.00  0.00 5thBranch    
     5  20.0  34.8  25.2  4.64 12.29   413  0.03  0.24  0.00  0.00 6thBranch    
     6  17.6  31.2  23.4  5.02 12.53   414  0.00  0.00  0.00  0.00 7thBranch    
     7  16.1  29.4  22.8  2.62 12.46   414  0.00  0.00  0.00  0.00 8thBranch    
    16 -99.0 -99.0 -99.0-99.00-99.00   -99  0.00  0.00  0.00  0.00 Harvest      

*RUN 60   : UYAG1701CS 60,0 Cultivars CSYCA048                                 

@ TIER SRADA  TMXA  TMNA  PREA  TWLA  CO2A  WFPA  WFGA  NFPA  NFGA  TIER_END  
     1  17.4  29.9  22.9 10.55 12.11   412  0.00  0.00  0.00  0.00 2ndBranch    
     2  17.6  31.3  22.7 17.83 11.74   412  0.00  0.00  0.00  0.00 3rdBranch    
     3  19.2  34.2  20.2  0.18 11.49   412  0.02  0.19  0.00  0.00 4thBranch    
     4  20.1  36.1  21.8  0.26 11.72   413  0.07  0.32  0.00  0.00 5thBranch    
     5  20.0  34.8  25.2  4.64 12.29   413  0.03  0.24  0.00  0.00 6thBranch    
     6  17.6  31.2  23.4  5.02 12.53   414  0.00  0.00  0.00  0.00 7thBranch    
     7  16.1  29.4  22.8  2.62 12.46   414  0.00  0.00  0.00  0.00 8thBranch    
    16 -99.0 -99.0 -99.0-99.00-99.00   -99  0.00  0.00  0.00  0.00 Harvest      

*RUN 61   : UYAG1701CS 61,0 Cultivars CSYCA048                                 

@ TIER SRADA  TMXA  TMNA  PREA  TWLA  CO2A  WFPA  WFGA  NFPA  NFGA  TIER_END  
     1  17.4  29.9  22.9 10.55 12.11   412  0.00  0.00  0.00  0.00 2ndBranch    
     2  17.6  31.3  22.7 17.83 11.74   412  0.00  0.00  0.00  0.00 3rdBranch    
     3  19.2  34.2  20.2  0.18 11.49   412  0.02  0.19  0.00  0.00 4thBranch    
     4  20.1  36.1  21.8  0.26 11.72   413  0.07  0.32  0.00  0.00 5thBranch    
     5  20.0  34.8  25.2  4.64 12.29   413  0.03  0.24  0.00  0.00 6thBranch    
     6  17.6  31.2  23.4  5.02 12.53   414  0.00  0.00  0.00  0.00 7thBranch    
     7  16.1  29.4  22.8  2.62 12.46   414  0.00  0.00  0.00  0.00 8thBranch    
    16 -99.0 -99.0 -99.0-99.00-99.00   -99  0.00  0.00  0.00  0.00 Harvest      

*RUN 62   : UYAG1701CS 62,0 Cultivars CSYCA048                                 

@ TIER SRADA  TMXA  TMNA  PREA  TWLA  CO2A  WFPA  WFGA  NFPA  NFGA  TIER_END  
     1  17.4  29.9  22.9 10.55 12.11   412  0.00  0.00  0.00  0.00 2ndBranch    
     2  17.6  31.3  22.7 17.83 11.74   412  0.00  0.00  0.00  0.00 3rdBranch    
     3  19.2  34.2  20.2  0.18 11.49   412  0.02  0.19  0.00  0.00 4thBranch    
     4  20.1  36.1  21.8  0.26 11.72   413  0.07  0.32  0.00  0.00 5thBranch    
     5  20.0  34.8  25.2  4.64 12.29   413  0.03  0.24  0.00  0.00 6thBranch    
     6  17.6  31.2  23.4  5.02 12.53   414  0.00  0.00  0.00  0.00 7thBranch    
     7  16.1  29.4  22.8  2.62 12.46   414  0.00  0.00  0.00  0.00 8thBranch    
    16 -99.0 -99.0 -99.0-99.00-99.00   -99  0.00  0.00  0.00  0.00 Harvest      

*RUN 63   : UYAG1701CS 63,0 Cultivars CSYCA048                                 

@ TIER SRADA  TMXA  TMNA  PREA  TWLA  CO2A  WFPA  WFGA  NFPA  NFGA  TIER_END  
     1  17.4  29.9  22.9 10.55 12.11   412  0.00  0.00  0.00  0.00 2ndBranch    
     2  17.6  31.3  22.7 17.83 11.74   412  0.00  0.00  0.00  0.00 3rdBranch    
     3  19.2  34.2  20.2  0.18 11.49   412  0.02  0.19  0.00  0.00 4thBranch    
     4  20.1  36.1  21.8  0.26 11.72   413  0.07  0.32  0.00  0.00 5thBranch    
     5  20.0  34.8  25.2  4.64 12.29   413  0.03  0.24  0.00  0.00 6thBranch    
     6  17.6  31.2  23.4  5.02 12.53   414  0.00  0.00  0.00  0.00 7thBranch    
     7  16.1  29.4  22.8  2.62 12.46   414  0.00  0.00  0.00  0.00 8thBranch    
    16 -99.0 -99.0 -99.0-99.00-99.00   -99  0.00  0.00  0.00  0.00 Harvest      

*RUN 64   : UYAG1701CS 64,0 Cultivars CSYCA048                                 

@ TIER SRADA  TMXA  TMNA  PREA  TWLA  CO2A  WFPA  WFGA  NFPA  NFGA  TIER_END  
     1  17.4  29.9  22.9 10.55 12.11   412  0.00  0.00  0.00  0.00 2ndBranch    
     2  17.6  31.3  22.7 17.83 11.74   412  0.00  0.00  0.00  0.00 3rdBranch    
     3  19.2  34.2  20.2  0.18 11.49   412  0.02  0.19  0.00  0.00 4thBranch    
     4  20.1  36.1  21.8  0.26 11.72   413  0.07  0.32  0.00  0.00 5thBranch    
     5  20.0  34.8  25.2  4.64 12.29   413  0.03  0.24  0.00  0.00 6thBranch    
     6  17.6  31.2  23.4  5.02 12.53   414  0.00  0.00  0.00  0.00 7thBranch    
     7  16.1  29.4  22.8  2.62 12.46   414  0.00  0.00  0.00  0.00 8thBranch    
    16 -99.0 -99.0 -99.0-99.00-99.00   -99  0.00  0.00  0.00  0.00 Harvest      

*RUN 65   : UYAG1701CS 65,0 Cultivars CSYCA048                                 

@ TIER SRADA  TMXA  TMNA  PREA  TWLA  CO2A  WFPA  WFGA  NFPA  NFGA  TIER_END  
     1  17.4  29.9  22.9 10.55 12.11   412  0.00  0.00  0.00  0.00 2ndBranch    
     2  17.6  31.3  22.7 17.83 11.74   412  0.00  0.00  0.00  0.00 3rdBranch    
     3  19.2  34.2  20.2  0.18 11.49   412  0.02  0.19  0.00  0.00 4thBranch    
     4  20.1  36.1  21.8  0.26 11.72   413  0.07  0.32  0.00  0.00 5thBranch    
     5  20.0  34.8  25.2  4.64 12.29   413  0.03  0.24  0.00  0.00 6thBranch    
     6  17.6  31.2  23.4  5.02 12.53   414  0.00  0.00  0.00  0.00 7thBranch    
     7  16.1  29.4  22.8  2.62 12.46   414  0.00  0.00  0.00  0.00 8thBranch    
    16 -99.0 -99.0 -99.0-99.00-99.00   -99  0.00  0.00  0.00  0.00 Harvest      

*RUN 66   : UYAG1701CS 66,0 Cultivars CSYCA048                                 

@ TIER SRADA  TMXA  TMNA  PREA  TWLA  CO2A  WFPA  WFGA  NFPA  NFGA  TIER_END  
     1  17.4  29.9  22.9 10.55 12.11   412  0.00  0.00  0.00  0.00 2ndBranch    
     2  17.6  31.3  22.7 17.83 11.74   412  0.00  0.00  0.00  0.00 3rdBranch    
     3  19.2  34.2  20.2  0.18 11.49   412  0.02  0.19  0.00  0.00 4thBranch    
     4  20.1  36.1  21.8  0.26 11.72   413  0.07  0.32  0.00  0.00 5thBranch    
     5  20.0  34.8  25.2  4.64 12.29   413  0.03  0.24  0.00  0.00 6thBranch    
     6  17.6  31.2  23.4  5.02 12.53   414  0.00  0.00  0.00  0.00 7thBranch    
     7  16.1  29.4  22.8  2.62 12.46   414  0.00  0.00  0.00  0.00 8thBranch    
    16 -99.0 -99.0 -99.0-99.00-99.00   -99  0.00  0.00  0.00  0.00 Harvest      

*RUN 67   : UYAG1701CS 67,0 Cultivars CSYCA048                                 

@ TIER SRADA  TMXA  TMNA  PREA  TWLA  CO2A  WFPA  WFGA  NFPA  NFGA  TIER_END  
     1  17.4  29.9  22.9 10.55 12.11   412  0.00  0.00  0.00  0.00 2ndBranch    
     2  17.6  31.3  22.7 17.83 11.74   412  0.00  0.00  0.00  0.00 3rdBranch    
     3  19.2  34.2  20.2  0.18 11.49   412  0.02  0.19  0.00  0.00 4thBranch    
     4  20.1  36.1  21.8  0.26 11.72   413  0.07  0.32  0.00  0.00 5thBranch    
     5  20.0  34.8  25.2  4.64 12.29   413  0.03  0.24  0.00  0.00 6thBranch    
     6  17.6  31.2  23.4  5.02 12.53   414  0.00  0.00  0.00  0.00 7thBranch    
     7  16.1  29.4  22.8  2.62 12.46   414  0.00  0.00  0.00  0.00 8thBranch    
    16 -99.0 -99.0 -99.0-99.00-99.00   -99  0.00  0.00  0.00  0.00 Harvest      
