$LEAF_SIZES

*RUN 1    : UYAB1901CS 1 Cultivars CSYCA048                                    

! LEAF NUMBER  192.8

@ BRNUM LNUM AREAP AREA1 AREA2 AREAT AREAS  WFLF  NFLF  AFLF TFGLF TFDLF LLIFG LLIFA LLIFS LLIFE   DAP
     0     1 163.7 137.5 137.5 137.5 137.5  0.16  0.16  0.16  0.16  0.33   6.0  64.0   4.9  74.9    87
     0     2 173.7 158.8 158.8 158.8 158.8  0.09  0.09  0.09  0.09  0.27   6.6  63.0   4.9  74.5    87
     0     3 183.8 171.9 171.9 171.9 171.9  0.06  0.06  0.06  0.06  0.27   6.8  62.0   4.9  73.7    87
     0     4 192.7 183.2 183.2 183.2 183.2  0.05  0.05  0.05  0.05  0.26   6.9  61.0   4.9  72.8    87
     0     5 202.1 175.9 175.9 175.9 175.9  0.13  0.13  0.13  0.13  0.32   6.3  60.0   4.9  71.2    87
     0     6 211.8 202.7 202.7 202.7 202.7  0.04  0.04  0.04  0.04  0.27   7.0  60.0   4.8  71.8    88
     0     7 211.8 188.5 188.5 188.5 188.5  0.11  0.11  0.11  0.11  0.32   6.4  60.0   4.8  71.2    88
     0     8 221.4 200.5 200.5 200.5 200.5  0.09  0.09  0.09  0.09  0.32   6.6  59.0   4.8  70.3    88
     0     9 230.3 212.0 212.0 212.0 212.0  0.08  0.08  0.08  0.08  0.30   6.7  58.0   4.8  69.5    88
     0    10 240.2 226.2 226.2 226.2 226.2  0.06  0.06  0.06  0.06  0.30   6.9  57.0   4.8  68.6    88
     0    11 250.2 240.2 240.2 240.2 240.2  0.04  0.04  0.04  0.04  0.26   7.0  56.0   4.7  67.7    89
     0    12 257.8 247.5 247.5 247.5 247.5  0.04  0.04  0.04  0.04  0.26   7.0  56.0   4.7  67.7    89
     0    13 267.1 228.2 228.2 228.2 228.2  0.14  0.14  0.14  0.14  0.34   5.2  56.0   4.7  65.9    89
     0    14 276.3 265.2 265.2 265.2 265.2  0.04  0.04  0.04  0.04  0.25   7.0  54.0   4.7  65.7    89
     0    15 276.3 236.9 236.9 236.9 236.9  0.14  0.14  0.14  0.14  0.32   6.1  54.0   4.7  64.9    89
     0    16 284.2 244.2 244.2 244.2 244.2  0.14  0.14  0.14  0.14  0.32   6.2  53.0   4.7  63.9    89
     0    17 293.0 254.6 254.6 254.6 254.6  0.13  0.13  0.13  0.13  0.32   6.2  53.0   4.7  64.0    90
     0    18 302.4 265.1 265.1 265.1 265.1  0.12  0.12  0.12  0.12  0.31   6.3  52.0   4.7  63.0    90
     0    19 311.4 275.3 275.3 275.3 275.3  0.12  0.12  0.12  0.12  0.31   6.4  51.0   4.7  62.1    90
     0    20 320.7 287.8 287.8 287.8 287.8  0.10  0.10  0.10  0.10  0.30   6.5  50.0   4.7  61.2    90
     0    21 330.9 302.4 302.4 302.4 302.4  0.09  0.09  0.09  0.09  0.28   6.6  49.0   4.7  60.4    90
     0    22 340.9 316.1 316.1 316.1 316.1  0.07  0.07  0.07  0.07  0.29   6.7  49.0   4.8  60.5    91
     0    23 350.4 326.0 326.0 326.0 326.0  0.07  0.07  0.07  0.07  0.29   6.8  48.0   4.8  59.5    91
     0    24 358.6 331.5 331.5 331.5 331.5  0.08  0.08  0.08  0.08  0.29   6.7  47.0   4.8  58.5    91
     0    25 367.7 340.9 340.9 340.9 340.9  0.07  0.07  0.07  0.07  0.28   6.7  46.0   4.8  57.5    91
     0    26 377.1 350.7 350.7 350.7 350.7  0.07  0.07  0.07  0.07  0.28   6.8  46.0   4.8  57.5    92
     0    27 385.9 359.0 359.0 359.0 359.0  0.08  0.07  0.07  0.07  0.28   6.8  45.0   4.8  56.5    92
     0    28 395.6 371.1 371.1 371.1 371.1  0.08  0.06  0.06  0.06  0.28   6.8  45.0   4.9  56.7    93
     0    29 405.9 384.8 384.8 384.8 384.8  0.09  0.05  0.05  0.05  0.28   6.9  44.0   4.9  55.8    93
     0    30 414.1 387.4 387.4 387.4 387.4  0.11  0.06  0.06  0.06  0.29   6.8  43.0   4.9  54.7    93
     0    31 423.0 393.6 393.6 393.6 393.6  0.11  0.07  0.07  0.07  0.29   6.8  43.0   4.9  54.6    94
     0    32 432.0 400.0 400.0 400.0 400.0  0.12  0.07  0.07  0.07  0.29   6.7  42.0   4.9  53.6    94
     0    33 441.2 407.1 407.1 407.1 407.1  0.13  0.08  0.08  0.08  0.30   6.7  41.0   4.9  52.6    94
     0    34 450.5 413.7 413.7 413.7 413.7  0.13  0.08  0.08  0.08  0.31   6.7  41.0   4.8  52.5    95
     0    35 459.5 416.4 416.4 416.4 416.4  0.13  0.09  0.09  0.09  0.33   6.6  40.0   4.8  51.4    95
     0    36 467.7 466.8 466.8 466.8 466.8  0.02  0.00  0.00  0.00  0.27   7.3  38.0   4.8  50.1    95
     0    37 475.1 462.8 462.8 462.8 462.8  0.04  0.03  0.03  0.03  0.28   7.1  38.0   4.8  49.9    96
     0    38 483.5 465.3 465.3 465.3 465.3  0.05  0.04  0.04  0.04  0.28   7.0  38.0   4.8  49.8    97
     0    39 492.4 472.7 472.7 472.7 472.7  0.05  0.04  0.04  0.04  0.29   7.0  37.0   4.8  48.8    97
     0    40 509.8 470.0 470.0 470.0 470.0  0.09  0.08  0.08  0.08  0.32   5.8  38.0   4.6  48.4    98
     0    41 518.8 472.9 472.9 472.9 472.9  0.09  0.09  0.09  0.09  0.32   6.6  36.0   4.6  47.2    98
     0    42 526.6 464.1 464.1 464.1 464.1  0.12  0.12  0.12  0.12  0.33   6.3  36.0   4.6  46.9    99
     0    43 534.8 524.8 524.8 524.8 524.8  0.02  0.02  0.02  0.02  0.25   7.2  34.0   4.6  45.8    99
     0    44 543.6 527.2 527.2 527.2 527.2  0.04  0.03  0.03  0.03  0.27   7.1  34.0   4.6  45.6   100
     0    45 553.0 531.0 531.0 531.0 531.0  0.05  0.04  0.04  0.04  0.28   7.0  34.0   4.6  45.6   101
     0    46 562.5 540.0 540.0 540.0 540.0  0.05  0.04  0.04  0.04  0.27   7.0  33.0   4.6  44.6   101
     0    47 580.0 518.5 518.5 518.5 518.5  0.11  0.10  0.10  0.10  0.32   5.7  34.0   4.7  44.4   102
     0    48 589.5 532.7 532.7 532.7 532.7  0.11  0.10  0.10  0.10  0.31   6.5  33.0   4.7  44.3   103
     0    49 598.1 524.6 524.6 524.6 524.6  0.13  0.12  0.12  0.12  0.33   6.3  32.0   4.7  43.0   103
     0    50 606.7 593.5 593.5 593.5 593.5  0.03  0.02  0.02  0.02  0.26   7.2  31.0   4.8  42.9   104
     0    51 616.1 591.4 591.4 591.4 591.4  0.04  0.04  0.04  0.04  0.27   7.0  31.0   4.7  42.7   105
     0    52 632.8 571.5 571.5 571.5 571.5  0.10  0.10  0.10  0.10  0.32   5.7  32.0   4.7  42.3   106
     0    53 642.5 580.9 580.9 580.9 580.9  0.10  0.10  0.10  0.10  0.32   6.5  30.0   4.7  41.2   106
     0    54 651.9 574.3 574.3 574.3 574.3  0.12  0.12  0.12  0.12  0.34   6.3  30.0   4.7  41.1   107
     0    55 660.8 642.7 642.7 642.7 642.7  0.03  0.03  0.03  0.03  0.26   7.1  29.0   4.8  40.9   108
     0    56 669.7 642.9 642.9 642.9 642.9  0.04  0.04  0.04  0.04  0.26   7.0  29.0   4.8  40.8   109
     1     1 696.3 584.9 584.9  2340  2340  0.16  0.16  0.16  0.16  0.33   6.0  27.0   4.8  37.8   109
     1     2 598.9 506.7 506.7  2027  2027  0.15  0.15  0.15  0.15  0.32   6.1  28.0   4.9  39.0   111
     1     3 574.8 482.9 482.9  1931  1931  0.16  0.16  0.16  0.16  0.34   6.0  28.0   5.0  39.0   112
     1     4 552.7 522.6 522.6  2091  2091  0.05  0.05  0.05  0.05  0.25   6.9  28.0   4.9  39.8   113
     1     5 512.9 438.2 438.2  1753  1753  0.15  0.15  0.15  0.15  0.32   5.4  28.0   4.9  38.4   114
     1     6 494.8 424.8 424.8  1699  1699  0.14  0.14  0.14  0.14  0.32   6.2  26.0   4.9  37.1   114
     1     7 477.8 401.4 401.4  1606  1606  0.16  0.16  0.16  0.16  0.34   6.0  26.0   4.9  36.9   115
     1     8 461.9 440.7 440.7  1763  1763  0.05  0.05  0.05  0.05  0.25   6.9  26.0   4.8  37.7   116
     1     9 433.0 375.8 375.8  1503  1503  0.13  0.13  0.13  0.13  0.33   5.5  25.0   4.8  35.3   116
     1    10 419.7 365.0 365.0  1460  1460  0.13  0.13  0.13  0.13  0.31   6.2  24.0   4.7  35.0   117
     1    11 407.1 342.0 342.0  1368  1368  0.16  0.16  0.16  0.16  0.33   6.0  24.0   4.7  34.7   118
     1    12 395.2 329.2 329.2  1317  1317  0.17  0.17  0.17  0.17  0.34   5.9  25.0   4.6  35.6   119
     1    13 373.1 350.6 350.6  1402  1402  0.06  0.06  0.06  0.06  0.24   6.2  22.0   4.6  32.9   119
     1    14 362.8 304.8 304.8  1219  1219  0.16  0.16  0.16  0.16  0.33   6.0  22.0   4.7  32.7   120
     1    15 353.0 294.3 294.3  1177  1177  0.17  0.17  0.17  0.17  0.33   5.9  22.0   4.7  32.6   120
     1    16 335.0 288.1 288.1  1152  1152  0.14  0.14  0.14  0.14  0.32   5.4  21.0   4.7  31.1   121
     1    17 326.6 275.7 275.7  1103  1103  0.16  0.16  0.16  0.16  0.32   6.0  19.0   4.7  29.7   121
     1    18 318.5 267.5 267.5  1070  1070  0.16  0.16  0.16  0.16  0.31   6.0  19.0   4.7  29.7   122
     1    19 303.3 258.0 258.0  1032  1032  0.15  0.15  0.15  0.15  0.30   5.4  19.0   4.8  29.1   123
     1    20 296.2 248.8 248.8 995.3 995.3  0.16  0.16  0.16  0.16  0.31   6.0  17.0   4.8  27.8   123
     1    21 289.3 242.5 242.5 969.9 969.9  0.16  0.16  0.16  0.16  0.31   6.0  18.0   4.8  28.8   124
     1    22 276.5 231.5 231.5 925.9 925.9  0.16  0.16  0.16  0.16  0.31   5.3  16.0   4.8  26.2   124
     1    23 270.4 228.3 228.3 913.1 913.1  0.16  0.16  0.16  0.16  0.31   6.0  15.0   4.7  25.8   125
     1    24 264.7 222.3 222.3 889.3 889.3  0.16  0.16  0.16  0.16  0.32   6.0  14.0   4.7  24.7   125
     2     1 252.4 212.0 212.0  3393  3393  0.16  0.16  0.16  0.16  0.32   6.0  13.0   4.7  23.7   126
     2     2 247.2 207.7 207.7  3323  3323  0.16  0.16  0.16  0.16  0.32   6.0  14.0   4.7  24.7   128
     2     3 237.3 210.1 210.1  3362  3362  0.12  0.12  0.12  0.12  0.29   5.5  15.0   4.7  25.1   130
     2     4 232.7 199.1 199.1  3185  3185  0.14  0.14  0.14  0.14  0.34   6.1  15.0   4.8  26.0   132
     2     5 228.2 219.1 219.1  3505  3505  0.04  0.04  0.04  0.04  0.25   7.0  15.0   4.7  26.7   134
     2     6 219.6 205.4 205.4  3286  3286  0.07  0.07  0.07  0.07  0.27   6.1  16.0   4.6  26.8   136
     2     7 215.4 181.0 181.0  2895  2895  0.16  0.16  0.16  0.16  0.34   6.0  18.0   4.6  28.6   139
     2     8 207.6 193.3 193.3  3093  3093  0.07  0.07  0.07  0.07  0.25   6.1  17.0   4.5  27.6   140
     2     9 203.8 171.2 171.2  2740  2740  0.16  0.16  0.16  0.16  0.30   6.0  17.0   4.5  27.5   141
     2    10 196.6 178.8 178.8  2860  2860  0.09  0.09  0.09  0.09  0.26   6.0  16.0   4.4  26.4   142
     2    11 193.2 162.3 162.3  2597  2597  0.16  0.16  0.16  0.16  0.31   6.0  16.0   4.4  26.4   143
     2    12 186.7 169.8 169.8  2717  2717  0.09  0.09  0.09  0.09  0.26   6.0  15.0   4.3  25.3   144
     2    13 180.5 164.2 164.2  2628  2628  0.09  0.09  0.09  0.09  0.26   6.6  13.0   4.3  23.9   144
     2    14 177.6 149.2 149.2  2387  2387  0.16  0.16  0.16  0.16  0.31   6.0  13.0   4.3  23.3   145
     2    15 171.9 154.0 154.0  2464  2464  0.11  0.11  0.11  0.11  0.27   5.5  12.0   4.3  21.8   145
     2    16 169.2 142.1 142.1  2274  2274  0.16  0.16  0.16  0.16  0.31   6.0  11.0   4.4  21.4   146
     2    17 163.9 141.3 141.3  2261  2261  0.14  0.14  0.14  0.14  0.30   5.3  10.0   4.4  19.7   146
     2    18 161.4 135.5 135.5  2169  2169  0.16  0.16  0.16  0.16  0.32   6.0   9.0   4.4  19.4   147
     2    19 156.5 129.6 129.6  2073  2073  0.17  0.17  0.17  0.17  0.32   5.1   8.0   4.4  17.5   147
     2    20 154.2 129.5 129.5  2072  2072  0.16  0.16  0.16  0.16  0.31   6.0   7.0   4.5  17.5   148
     3     1 147.4 123.8 123.8  7925  7925  0.16  0.16  0.16  0.16  0.28   6.0   4.0   4.5  14.5   148
     3     2 143.1 123.8 123.8  7925  7925  0.14  0.14  0.14  0.14  0.25   6.0   4.0   4.5  14.5   150
     3     3 141.1 112.8 112.8  7219  7219  0.20  0.20  0.20  0.20  0.31   5.7   6.0   4.4  16.1   152
     3     4 137.2 116.3 116.3  7442  7442  0.15  0.15  0.15  0.15  0.25   6.0   5.0   4.3  15.3   154
     3     5 133.5 103.0 103.0  6590  6590  0.23  0.23  0.23  0.23  0.32   5.0   5.0   4.1  14.1   155
     3     6 131.7 107.9 107.9  6906  6906  0.18  0.18  0.18  0.18  0.27   5.8   6.0   4.2  16.0   157
     3     7 128.3 112.1 112.1  7172  7172  0.13  0.13  0.13  0.13  0.24   6.0   5.0   4.3  15.3   159
     3     8 126.6 101.6 101.6  6504  6504  0.20  0.20  0.20  0.20  0.30   5.7   7.0   4.3  17.0   161
     3     9 123.4 105.6 105.6  6757  6757  0.16  0.14  0.14  0.14  0.26   6.0   6.0   4.2  16.2   163
     3    10 120.2 93.42 93.42  5979  5979  0.26  0.22  0.22  0.22  0.32   5.0   7.0   4.1  16.1   165
     3    11 118.7 95.98 95.98  6143  6143  0.25  0.19  0.19  0.19  0.29   5.7   8.0   4.1  17.9   167
     3    12 115.7 84.12 84.12  5384  5384  0.36  0.27  0.27  0.27  0.35   5.0   9.0   4.4  18.4   170
     3    13 113.0 85.74 85.74  5487  5487  0.31  0.24  0.24  0.24  0.32   5.0   9.0   4.4  18.4   172
     3    14 111.7 87.19 87.19  5580  5580  0.28  0.22  0.22  0.22  0.30   5.5  10.0   4.2  19.7   174
     3    15 109.5 84.74 84.74  5423  5423  0.25  0.23  0.23  0.23  0.31   5.4  11.0   4.2  20.6   177
     3    16 107.2 84.78 84.78  5426  5426  0.25  0.21  0.21  0.21  0.29   5.6  11.0   4.4  21.0   179
     3    17 104.7 86.73 86.73  5551  5551  0.28  0.17  0.17  0.17  0.26   5.9  11.0   4.4  21.3   181
     3    18 102.3 76.06 76.06  4868  4868  0.40  0.26  0.26  0.26  0.35   5.0  11.0   4.3  20.3   183
     3    19 100.2 76.33 76.33  4885  4885  0.36  0.24  0.24  0.24  0.34   5.0  10.0   4.2  19.2   184
     3    20 98.43 84.58 77.99  4991  4991  0.25  0.14  0.21  0.14  0.26   6.0   9.0   4.3  19.3   186
     3    21 96.94 77.29 68.53  4386  4386  0.30  0.20  0.29  0.20  0.31   5.6  10.0   4.5  20.1   188
     4     1 93.32 67.19 44.18  8482  8482  0.45  0.28  0.53  0.28  0.38   5.0   9.0   4.5  18.5   190
     4     2 90.75 77.04 44.63  8569  8569  0.32  0.15  0.51  0.15  0.28   5.3  10.0   4.5  19.9   194
     4     3 89.38 75.08 37.97  7291  7291  0.34  0.16  0.58  0.16  0.30   6.0  13.0   4.9  23.9   200
     4     4 87.03 72.41 33.28  6390  6390  0.35  0.17  0.62  0.17  0.30   5.4  19.0   4.1  28.4   208
     4     5 85.50 71.82 28.85  5538  5538  0.36  0.16  0.66  0.16  0.30   6.0  25.0   4.4  35.4   217
     4     6 83.70 67.42 23.95  4598  4598  0.42  0.20  0.71  0.20  0.35   5.0  32.0   4.4  41.4   226
     4     7 82.15 68.96 24.76  4754  4754  0.37  0.16  0.70  0.16  0.33   5.0  38.0   4.3  47.3   234
     4     8 80.19 63.79 20.38  3914  3914  0.41  0.21  0.75  0.21  0.37   5.0  41.0   3.8  49.8   239
     4     9 78.48 68.56 18.75  3600  3600  0.38  0.13  0.76  0.13  0.33   6.0  43.0   3.7  52.7   245
     4    10 76.58 70.02 18.88  3625  3625  0.34  0.08  0.75  0.09  0.33   6.0  50.0   3.5  59.5   255
     4    11 74.56 67.06 15.12  2903  2903  0.36  0.10  0.80  0.10  0.30   6.1  53.0   3.4  62.5   262
     4    12 72.76 52.38 12.05  2313  2313  0.49  0.28  0.83  0.28  0.38   5.0  54.0   3.5  62.5   264
     4    13 71.42 56.18 9.765  1875  1875  0.48  0.21  0.86  0.21  0.29   5.0  53.0   3.5  61.5   266
     4    14 69.77 46.45 5.252  1008  1008  0.55  0.34  0.92  0.34  0.39   4.0  53.0   3.4  60.4   269
     4    15 68.53 55.79 11.59  2225  2225  0.41  0.19  0.83  0.19  0.32   5.0  52.0   3.7  60.7   271
     5     1 66.63 47.97 5.059  2914  2914  0.53  0.28  0.92  0.28  0.39   5.0  52.0   3.5  60.5   275
     5     2 65.02 54.78 3.736  2152  2152  0.42  0.16  0.94  0.16  0.32   6.0  50.0   3.4  59.4   279
     5     3 63.78 52.74 3.352  1931  1931  0.44  0.17  0.95  0.17  0.34   5.9  50.0   3.6  59.5   281
     5     4 62.35 51.07 3.589  2067  2067  0.44  0.18  0.94  0.18  0.33   5.8  49.0   3.6  58.4   284
     5     5 61.05 49.43 4.752  2737  2737  0.46  0.19  0.92  0.19  0.33   5.7  49.0   3.5  58.2   286
     5     6 59.66 42.36 3.881  2236  2236  0.56  0.29  0.93  0.29  0.38   4.9  49.0   3.7  57.6   290
     5     7 58.51 39.26 3.795  2186  2186  0.57  0.33  0.94  0.33  0.40   4.6  49.0   3.6  57.2   293
     5     8 57.34 40.38 3.172  1827  1827  0.53  0.30  0.94  0.30  0.36   4.9  47.0   3.5  55.4   295
     5     9 56.27 37.94 2.885  1662  1662  0.56  0.33  0.95  0.33  0.36   4.6  45.0   3.6  53.2   296
     5    10 55.06 34.79 0.668 384.7 384.7  0.60  0.37  0.99  0.37  0.37   4.0  42.0   3.7  49.7   297
     5    11 54.23 37.94 1.871  1077  1077  0.56  0.30  0.97  0.30  0.31   4.8  39.0   3.7  47.5   297
     5    12 53.40 36.42 2.147  1237  1237  0.59  0.32  0.96  0.32  0.32   4.7  37.0   3.7  45.4   298
     5    13 52.48 36.34 2.942  1695  1695  0.59  0.31  0.94  0.31  0.31   4.8  34.0   3.7  42.5   299
     5    14 51.62 35.36 3.858  2222  2222  0.59  0.31  0.93  0.31  0.31   4.7  32.0   3.7  40.4   300
     5    15 50.76 35.56 3.363  1937  1937  0.58  0.30  0.93  0.30  0.30   4.8  29.0   3.8  37.6   301
     5    16 49.98 32.15 3.406  1962  1962  0.60  0.36  0.93  0.36  0.37   4.4  27.0   3.6  35.0   302
     5    17 49.10 33.67 3.303  1902  1902  0.58  0.31  0.93  0.31  0.32   4.7  24.0   3.5  32.2   303
     6     1 47.80 34.42 2.720  4700  4700  0.53  0.28  0.94  0.28  0.29   5.0  19.0   3.4  27.4   304
     6     2 47.14 29.81 2.525  4363  4363  0.54  0.37  0.95  0.37  0.38   4.0  20.0   3.5  27.5   307
     6     3 46.16 31.88 2.278  3937  3937  0.56  0.31  0.95  0.31  0.31   4.0  18.0   3.5  25.5   309
     6     4 45.52 29.07 2.636  4554  4554  0.51  0.36  0.94  0.36  0.36   4.0  18.0   3.5  25.5   312
     6     5 44.63 30.67 2.826  4884  4884  0.53  0.31  0.94  0.31  0.32   4.0  17.0   3.6  24.6   315
     6     6 44.10 30.57 3.173  5482  5482  0.53  0.31  0.93  0.31  0.32   4.8  18.0   3.5  26.3   318
     6     7 43.29 31.15 4.447  7684  7684  0.45  0.28  0.90  0.28  0.30   5.0  16.0   3.6  24.6   320
     6     8 42.37 28.34 3.311  5722  5722  0.58  0.33  0.92  0.33  0.34   4.0  16.0   3.6  23.6   324
     6     9 41.66 27.54 3.413  5898  5898  0.57  0.34  0.92  0.34  0.34   4.0  16.0   3.6  23.6   327
     6    10 41.01 25.83 2.987  5161  5161  0.61  0.37  0.93  0.37  0.37   4.0  15.0   3.9  22.9   330
     6    11 40.40 27.35 3.583  6191  6191  0.54  0.32  0.91  0.32  0.33   4.6  15.0   3.7  23.4   333
     6    12 39.70 27.40 4.948  8550  8550  0.53  0.31  0.88  0.31  0.32   4.8  14.0   3.6  22.3   336
     6    13 38.93 28.17 4.775  8251  8251  0.47  0.28  0.88  0.28  0.30   5.0  14.0   3.9  22.9   341
     6    14 38.17 24.30 3.638  6287  6287  0.63  0.36  0.90  0.36  0.38   4.0  15.0   4.1  23.1   346
     6    15 37.46 28.78 5.440  9400  9400  0.43  0.23  0.85  0.23  0.27   5.0  12.0   4.1  21.1   348
     6    16 36.78 26.83 5.509  9520  9520  0.47  0.27  0.85  0.27  0.29   5.0  11.0   4.3  20.3   351
     7     1 35.49 25.55 2.087 10817 10817  0.44  0.28  0.94  0.28  0.31   5.0   7.0   4.4  16.4   353
     7     2 34.69 26.18 2.231 11565 11565  0.29  0.25  0.94  0.25  0.29   4.6   6.0   4.3  15.0   356
     7     3 34.00 27.06 2.439 12645 12645  0.21  0.20  0.93  0.20  0.26   5.6   5.0   4.4  15.0   359
     7     4 33.34 26.40 2.563 13289 13289  0.21  0.21  0.92  0.21  0.28   5.6   5.0   4.5  15.1   362
     7     5 32.66 25.76 2.602 13491 13491  0.21  0.21  0.92  0.21  0.30   5.6   5.0   4.3  14.9   365
     7     6 31.99 24.30 2.456 12734 12734  0.24  0.24  0.92  0.24  0.32   5.3   5.0   4.4  14.7   368
     7     7 31.36 26.67 2.771 14365 14365  0.15  0.15  0.91  0.15  0.27   6.1   4.0   4.5  14.6   371
     7     8 30.72 25.80 2.752 14266 14266  0.16  0.16  0.91  0.16  0.26   6.0   4.0   4.7  14.7   374
     7     9 29.89 24.80 2.676 13870 13870  0.17  0.17  0.91  0.17  0.27   5.2   4.0   4.7  13.9   377
     7    10 29.29 24.60 2.993 15514 15514  0.16  0.16  0.90  0.16  0.29   6.0   4.0   4.5  14.5   381
     7    11 28.52 24.80 3.477 18026 18026  0.13  0.13  0.88  0.13  0.28   5.3   4.0   4.7  14.0   384
     8     1 27.39 23.00 1.459 22697 22697  0.16  0.16  0.95  0.16  0.30   6.0   2.0   4.8  12.8   388
     8     2 26.65 21.55 1.322 20565 20565  0.19  0.19  0.95  0.19  0.33   5.0   3.0   5.1  13.1   393
     8     3 25.96 21.88 1.350 20992 20992  0.16  0.16  0.95  0.16  0.33   6.0   2.0   5.0  13.0   396
     8     4 25.27 24.16 1.480 23013 23013  0.04  0.04  0.94  0.04  0.27   6.0   2.0   4.9  12.9   400
     8     5 24.60 22.98 1.436 22332 22332  0.07  0.07  0.94  0.07  0.28   6.0   2.0   4.9  12.9   404
     8     6 23.95 21.46 1.591 24740  9843  0.10  0.10  0.93  0.10  0.31   6.0   2.0   2.0  10.0   -99
     8     7 23.16 17.13 1.690 26288     0  0.14  0.14  0.92  0.14  0.43   6.0   0.0   0.0   6.0   -99
     9     1 22.25     0     0     0     0  1.00  1.00  1.00  1.00  1.00   0.0   0.0   0.0   0.0   -99
  
! NB. Data are summed over all fork branches
  
! LNUM  = Number of leaf on one axis 
! AREAP = Potential area of leaf (cm2) 
! AREA1 = Area of leaf with temperature stress (cm2)
! AREA2 = Area of leaf with stress (cm2)
! AREAT = Area of cohort of leaves at leaf position (cm2) 
! AREAS = Senesced area of cohort of leaves at harvest at leaf position (cm2) 
! WFLF  = Water stress factor for leaf (0-1,0=no stress)
! NFLF  = N stress factor for leaf (0-1,0=no stress)
! AFLF  = Assimilate factor for leaf (0-1,0= no limitation)
! TFGLF = Temperature factor for leaf expansion  (0-1,0 =no limitation)
! TFDLF = Temperature factor for leaf development (0-1,0 =no limitation)
! LLIFG = Number of days of leaf growing      
! LLIFA = Number of days of leaf fully active 
! LLIFS = Number of days of leaf senescing    
! LLIFE = Total number of days of leaf longevity    
! DAP   = Leaf decease day after planting    

*RUN 2    : UYAB1901CS 2 Cultivars CSYCA048                                    

! LEAF NUMBER  195.0

@ BRNUM LNUM AREAP AREA1 AREA2 AREAT AREAS  WFLF  NFLF  AFLF TFGLF TFDLF LLIFG LLIFA LLIFS LLIFE   DAP
     0     1 163.7 137.5 137.5 137.5 137.5  0.16  0.16  0.16  0.16  0.33   6.0  69.0   4.8  79.8    91
     0     2 173.7 158.8 158.8 158.8 158.8  0.09  0.09  0.09  0.09  0.27   6.6  68.0   4.8  79.4    92
     0     3 183.8 171.9 171.9 171.9 171.9  0.06  0.06  0.06  0.06  0.27   6.8  68.0   4.8  79.6    92
     0     4 192.7 183.2 183.2 183.2 183.2  0.05  0.05  0.05  0.05  0.26   6.9  67.0   4.9  78.8    93
     0     5 202.1 175.9 175.9 175.9 175.9  0.13  0.13  0.13  0.13  0.32   6.3  68.0   4.8  79.1    95
     0     6 211.8 202.7 202.7 202.7 202.7  0.04  0.04  0.04  0.04  0.27   7.0  67.0   4.8  78.8    95
     0     7 211.8 188.5 188.5 188.5 188.5  0.11  0.11  0.11  0.11  0.32   6.4  68.0   4.8  79.2    96
     0     8 221.4 200.5 200.5 200.5 200.5  0.09  0.09  0.09  0.09  0.32   6.6  68.0   4.8  79.4    97
     0     9 230.3 212.0 212.0 212.0 212.0  0.08  0.08  0.08  0.08  0.30   6.7  68.0   4.7  79.4    97
     0    10 240.2 226.2 226.2 226.2 226.2  0.06  0.06  0.06  0.06  0.30   6.9  68.0   4.6  79.5    98
     0    11 250.2 240.2 240.2 240.2 240.2  0.04  0.04  0.04  0.04  0.26   7.0  67.0   4.6  78.6   100
     0    12 257.8 247.5 247.5 247.5 247.5  0.04  0.04  0.04  0.04  0.26   7.0  67.0   4.6  78.6   100
     0    13 267.1 228.2 228.2 228.2 228.2  0.14  0.14  0.14  0.14  0.34   5.2  68.0   4.6  77.8   101
     0    14 276.3 265.2 265.2 265.2 265.2  0.04  0.04  0.04  0.04  0.25   7.0  67.0   4.7  78.7   102
     0    15 276.3 236.9 236.9 236.9 236.9  0.14  0.14  0.14  0.14  0.32   6.1  68.0   4.7  78.9   103
     0    16 284.2 244.2 244.2 244.2 244.2  0.14  0.14  0.14  0.14  0.32   6.2  68.0   4.7  78.9   103
     0    17 293.0 254.6 254.6 254.6 254.6  0.13  0.13  0.13  0.13  0.32   6.2  68.0   4.7  79.0   104
     0    18 302.4 265.1 265.1 265.1 265.1  0.12  0.12  0.12  0.12  0.31   6.3  67.0   4.7  78.0   105
     0    19 311.4 275.3 275.3 275.3 275.3  0.12  0.12  0.12  0.12  0.31   6.4  67.0   4.7  78.0   106
     0    20 320.7 287.8 287.8 287.8 287.8  0.10  0.10  0.10  0.10  0.30   6.5  67.0   4.7  78.2   107
     0    21 330.9 302.4 302.4 302.4 302.4  0.09  0.09  0.09  0.09  0.28   6.6  67.0   4.8  78.4   108
     0    22 340.9 316.1 316.1 316.1 316.1  0.07  0.07  0.07  0.07  0.29   6.7  67.0   4.8  78.5   109
     0    23 350.4 326.0 326.0 326.0 326.0  0.07  0.07  0.07  0.07  0.29   6.8  67.0   4.8  78.6   110
     0    24 358.6 331.5 331.5 331.5 331.5  0.08  0.08  0.08  0.08  0.29   6.7  67.0   4.9  78.6   111
     0    25 367.7 340.9 340.9 340.9 340.9  0.07  0.07  0.07  0.07  0.28   6.7  67.0   4.9  78.7   112
     0    26 377.1 350.7 350.7 350.7 350.7  0.07  0.07  0.07  0.07  0.28   6.8  67.0   5.0  78.7   113
     0    27 385.9 359.0 359.0 359.0 359.0  0.08  0.07  0.07  0.07  0.28   6.8  67.0   4.9  78.7   114
     0    28 395.6 371.1 371.1 371.1 371.1  0.08  0.06  0.06  0.06  0.28   6.8  67.0   4.9  78.7   115
     0    29 405.9 384.8 384.8 384.8 384.8  0.09  0.05  0.05  0.05  0.28   6.9  67.0   4.8  78.7   116
     0    30 414.1 387.4 387.4 387.4 387.4  0.11  0.06  0.06  0.06  0.29   6.8  67.0   4.8  78.6   117
     0    31 423.0 393.6 393.6 393.6 393.6  0.11  0.07  0.07  0.07  0.29   6.8  67.0   4.7  78.5   118
     0    32 432.0 400.0 400.0 400.0 400.0  0.12  0.07  0.07  0.07  0.29   6.7  67.0   4.7  78.4   119
     0    33 441.2 407.1 407.1 407.1 407.1  0.13  0.08  0.08  0.08  0.30   6.7  67.0   4.6  78.3   119
     0    34 450.5 413.7 413.7 413.7 413.7  0.13  0.08  0.08  0.08  0.31   6.7  67.0   4.7  78.3   121
     0    35 459.5 416.4 416.4 416.4 416.4  0.13  0.09  0.09  0.09  0.33   6.6  67.0   4.7  78.2   122
     0    36 467.7 466.8 466.8 466.8 466.8  0.02  0.00  0.00  0.00  0.27   7.3  66.0   4.7  78.1   123
     0    37 475.1 462.8 462.8 462.8 462.8  0.04  0.03  0.03  0.03  0.28   7.1  66.0   4.8  77.9   124
     0    38 483.5 465.3 465.3 465.3 465.3  0.05  0.04  0.04  0.04  0.28   7.0  66.0   4.8  77.8   125
     0    39 492.4 472.7 472.7 472.7 472.7  0.05  0.04  0.04  0.04  0.29   7.0  66.0   4.7  77.7   126
     0    40 509.8 470.0 470.0 470.0 470.0  0.09  0.08  0.08  0.08  0.32   5.8  66.0   4.7  76.5   126
     0    41 518.8 472.9 472.9 472.9 472.9  0.09  0.09  0.09  0.09  0.32   6.6  66.0   4.7  77.3   128
     0    42 526.6 464.1 464.1 464.1 464.1  0.12  0.12  0.12  0.12  0.33   6.3  66.0   4.7  77.0   129
     0    43 534.8 524.8 524.8 524.8 524.8  0.02  0.02  0.02  0.02  0.25   7.2  66.0   4.7  77.8   130
     0    44 543.6 527.2 527.2 527.2 527.2  0.04  0.03  0.03  0.03  0.27   7.1  66.0   4.7  77.8   131
     0    45 553.0 531.0 531.0 531.0 531.0  0.05  0.04  0.04  0.04  0.28   7.0  66.0   4.8  77.8   132
     0    46 562.5 540.0 540.0 540.0 540.0  0.05  0.04  0.04  0.04  0.27   7.0  66.0   4.7  77.7   133
     0    47 580.0 518.5 518.5 518.5 518.5  0.11  0.10  0.10  0.10  0.32   5.7  66.0   4.7  76.4   134
     0    48 589.5 532.7 532.7 532.7 532.7  0.11  0.10  0.10  0.10  0.31   6.5  66.0   4.7  77.2   135
     0    49 598.1 524.6 524.6 524.6 524.6  0.13  0.12  0.12  0.12  0.33   6.3  66.0   4.6  76.9   137
     0    50 606.7 593.5 593.5 593.5 593.5  0.03  0.02  0.02  0.02  0.26   7.2  65.0   4.5  76.7   138
     0    51 616.1 591.4 591.4 591.4 591.4  0.04  0.04  0.04  0.04  0.27   7.0  65.0   4.5  76.5   139
     0    52 632.8 571.5 571.5 571.5 571.5  0.10  0.10  0.10  0.10  0.32   5.7  66.0   4.6  76.2   139
     0    53 642.5 580.9 580.9 580.9 580.9  0.10  0.10  0.10  0.10  0.32   6.5  65.0   4.5  76.0   141
     0    54 651.9 574.3 574.3 574.3 574.3  0.12  0.12  0.12  0.12  0.34   6.3  65.0   4.4  75.7   142
     0    55 660.8 642.7 642.7 642.7 642.7  0.03  0.03  0.03  0.03  0.26   7.1  65.0   4.4  76.5   143
     0    56 669.7 642.9 642.9 642.9 642.9  0.04  0.04  0.04  0.04  0.26   7.0  65.0   4.3  76.3   144
     0    57 687.3 613.4 613.4 613.4 613.4  0.11  0.11  0.11  0.11  0.31   5.6  65.0   4.3  74.9   144
     0    58 696.3 609.5 609.5 609.5 609.5  0.12  0.12  0.12  0.12  0.31   6.3  65.0   4.4  75.7   146
     0    59 626.2 529.8 529.8 529.8 529.8  0.15  0.15  0.15  0.15  0.32   6.1  65.0   4.4  75.5   147
     0    60 602.4 506.0 506.0 506.0 506.0  0.16  0.16  0.16  0.16  0.34   6.0  65.0   4.5  75.5   148
     0    61 559.9 510.2 510.2 510.2 510.2  0.09  0.09  0.09  0.09  0.28   5.7  64.0   4.5  74.2   149
     0    62 540.8 481.1 481.1 481.1 481.1  0.11  0.11  0.11  0.11  0.29   6.4  64.0   4.5  74.9   151
     0    63 522.8 448.9 448.9 448.9 448.9  0.14  0.14  0.14  0.14  0.32   6.2  64.0   4.4  74.6   152
     0    64 506.0 425.0 425.0 425.0 425.0  0.16  0.16  0.16  0.16  0.34   6.0  64.0   4.3  74.3   153
     0    65 475.3 440.2 440.2 440.2 440.2  0.08  0.08  0.08  0.08  0.28   5.7  64.0   4.3  74.0   153
     0    66 461.3 413.6 413.6 413.6 413.6  0.10  0.10  0.10  0.10  0.29   6.5  64.0   4.1  74.5   155
     0    67 448.1 389.7 389.7 389.7 389.7  0.13  0.13  0.13  0.13  0.31   6.2  64.0   4.1  74.4   156
     0    68 435.5 365.8 365.8 365.8 365.8  0.16  0.16  0.16  0.16  0.33   6.0  64.0   4.2  74.2   157
     0    69 412.4 373.4 373.4 373.4 373.4  0.10  0.10  0.10  0.10  0.29   5.6  63.0   4.3  72.8   158
     0    70 401.6 348.7 348.7 348.7 348.7  0.13  0.13  0.13  0.13  0.30   6.2  63.0   4.4  73.6   159
     0    71 391.4 328.8 328.8 328.8 328.8  0.16  0.16  0.16  0.16  0.33   6.0  63.0   4.3  73.3   161
     0    72 372.4 343.7 343.7 343.7 343.7  0.08  0.08  0.08  0.08  0.26   5.7  63.0   4.3  73.0   161
     0    73 363.6 324.1 324.1 324.1 324.1  0.11  0.11  0.11  0.11  0.29   6.4  63.0   4.2  73.6   163
     0    74 355.2 299.8 299.8 299.8 299.8  0.16  0.16  0.16  0.16  0.32   6.0  63.0   4.1  73.1   164
     0    75 347.1 291.6 291.6 291.6 291.6  0.16  0.16  0.16  0.16  0.31   6.0  63.0   4.1  73.1   165
     0    76 331.9 282.3 282.3 282.3 282.3  0.15  0.15  0.15  0.15  0.30   5.4  63.0   4.1  72.5   166
     0    77 324.8 272.9 272.9 272.9 272.9  0.16  0.16  0.16  0.16  0.31   6.0  62.0   4.3  72.3   168
     0    78 311.4 285.4 285.4 285.4 285.4  0.09  0.09  0.09  0.09  0.25   5.6  62.0   4.3  72.0   168
     0    79 305.1 268.4 268.4 268.4 268.4  0.12  0.12  0.12  0.12  0.27   6.3  62.0   4.4  72.7   170
     0    80 299.0 252.4 252.4 252.4 252.4  0.16  0.16  0.16  0.16  0.31   6.0  62.0   4.2  72.3   171
     1     1 287.4 241.5 241.5 965.8 965.8  0.16  0.16  0.16  0.16  0.32   6.0  62.0   4.2  72.2   173
     1     2 282.1 246.1 246.1 984.3 984.3  0.13  0.13  0.13  0.13  0.29   6.3  61.0   4.2  71.4   174
     1     3 272.0 224.0 224.0 896.1 896.1  0.18  0.18  0.18  0.18  0.33   5.9  62.0   4.2  72.1   175
     1     4 267.2 240.3 240.3 961.3 961.3  0.10  0.10  0.10  0.10  0.29   6.5  61.0   4.4  71.9   176
     1     5 262.5 224.6 224.6 898.5 898.5  0.14  0.14  0.14  0.14  0.34   6.1  61.0   4.4  71.5   178
     1     6 253.7 232.4 232.4 929.5 929.5  0.08  0.08  0.08  0.08  0.28   6.6  61.0   4.3  72.0   179
     1     7 249.5 214.1 214.1 856.3 856.3  0.14  0.14  0.14  0.14  0.33   6.1  61.0   4.3  71.5   180
     1     8 241.5 222.4 222.4 889.5 889.5  0.08  0.08  0.08  0.08  0.27   6.7  60.0   4.4  71.0   182
     1     9 237.6 201.7 201.7 806.7 806.7  0.15  0.15  0.15  0.15  0.31   6.1  61.0   4.4  71.5   183
     1    10 230.3 207.8 207.8 831.1 831.1  0.10  0.10  0.10  0.10  0.26   6.5  60.0   4.3  70.9   184
     1    11 226.7 191.8 191.8 767.1 767.1  0.15  0.15  0.15  0.15  0.31   6.0  60.0   4.2  70.2   186
     1    12 220.0 198.9 198.9 795.7 795.7  0.10  0.10  0.10  0.10  0.26   6.5  60.0   4.3  70.8   187
     1    13 216.8 183.1 183.1 732.3 732.3  0.16  0.16  0.16  0.16  0.31   6.0  60.0   4.5  70.5   189
     1    14 210.6 191.7 191.7 766.6 766.6  0.09  0.09  0.09  0.09  0.26   6.6  59.0   4.6  70.2   190
     1    15 207.7 174.5 174.5 697.8 697.8  0.16  0.16  0.16  0.16  0.31   6.0  60.0   4.6  70.6   191
     1    16 202.0 180.9 180.9 723.6 723.6  0.11  0.11  0.11  0.11  0.27   5.5  59.0   4.5  68.9   192
     1    17 199.3 167.4 167.4 669.5 669.5  0.16  0.16  0.16  0.16  0.31   6.0  60.0   4.4  70.4   194
     1    18 194.0 167.2 167.2 668.7 668.7  0.14  0.14  0.14  0.14  0.30   5.3  60.0   4.5  69.8   195
     1    19 189.0 176.1 176.1 704.6 704.6  0.07  0.07  0.07  0.07  0.24   6.8  59.0   4.7  70.4   197
     1    20 186.5 159.4 159.4 637.5 637.5  0.15  0.15  0.15  0.15  0.30   6.1  59.0   4.8  69.9   199
     1    21 181.9 165.4 165.4 661.5 661.5  0.09  0.09  0.09  0.09  0.25   6.6  59.0   4.9  70.5   201
     1    22 179.6 150.9 150.9 603.6 603.6  0.16  0.16  0.16  0.16  0.30   6.0  59.0   5.0  70.0   202
     1    23 175.3 149.3 149.3 597.2 597.2  0.15  0.15  0.15  0.15  0.29   5.2  59.0   4.9  69.1   203
     1    24 171.1 136.8 136.8 547.1 547.1  0.20  0.20  0.20  0.20  0.31   5.7  60.0   4.3  70.0   205
     1    25 169.1 143.3 143.3 573.1 573.1  0.15  0.15  0.15  0.15  0.26   6.1  60.0   4.0  70.1   207
     1    26 165.2 127.3 127.3 509.3 509.3  0.23  0.23  0.23  0.23  0.31   5.4  60.0   3.9  69.3   208
     1    27 163.4 137.2 137.2 548.9 548.9  0.16  0.16  0.16  0.16  0.25   6.0  59.0   3.8  68.8   209
     1    28 159.7 136.3 136.3 545.4 545.4  0.15  0.15  0.15  0.15  0.25   5.3  59.0   3.8  68.1   210
     1    29 156.2 125.4 125.4 501.8 501.8  0.20  0.20  0.20  0.20  0.30   5.7  59.0   3.9  68.6   212
     1    30 154.6 132.3 132.3 529.1 529.1  0.16  0.14  0.14  0.14  0.27   6.1  59.0   4.1  69.2   214
     1    31 151.3 117.0 117.0 467.9 467.9  0.26  0.23  0.23  0.23  0.33   5.4  59.0   4.3  68.7   216
     1    32 149.7 125.8 125.8 503.1 503.1  0.25  0.16  0.16  0.16  0.26   6.0  59.0   4.3  69.3   217
     1    33 146.6 118.7 118.7 474.8 474.8  0.28  0.19  0.19  0.19  0.28   5.0  59.0   4.2  68.2   218
     1    34 143.7 107.2 107.2 428.7 428.7  0.34  0.25  0.25  0.25  0.33   5.2  59.0   4.1  68.3   220
     1    35 141.2 105.4 105.4 421.7 421.7  0.29  0.25  0.25  0.25  0.33   5.2  59.0   4.4  68.6   223
     1    36 139.1 104.0 104.0 416.2 416.2  0.27  0.25  0.25  0.25  0.33   5.2  59.0   4.4  68.6   225
     1    37 136.4 106.2 106.2 424.7 424.7  0.30  0.22  0.22  0.22  0.30   5.5  59.0   4.3  68.8   226
     1    38 135.1 97.28 97.28 389.1 389.1  0.39  0.28  0.28  0.28  0.36   5.0  60.0   4.2  69.2   228
     1    39 132.6 108.9 108.9 435.6 435.6  0.29  0.18  0.18  0.18  0.27   5.0  59.0   4.3  68.4   229
     1    40 130.3 109.8 109.8 439.0 439.0  0.27  0.16  0.16  0.16  0.27   6.0  59.0   4.3  69.3   232
     1    41 128.4 107.9 107.9 431.6 431.6  0.27  0.16  0.16  0.16  0.28   6.0  59.0   4.1  69.1   234
     1    42 126.5 101.0 101.0 404.0 404.0  0.36  0.20  0.20  0.20  0.31   5.0  59.0   4.0  68.0   235
     1    43 124.3 101.5 101.5 405.9 405.9  0.33  0.18  0.18  0.18  0.29   5.0  59.0   4.0  68.0   237
     1    44 122.4 99.29 99.29 397.2 397.2  0.33  0.19  0.19  0.19  0.31   5.0  59.0   4.0  68.0   239
     1    45 120.2 90.28 90.28 361.1 361.1  0.41  0.25  0.25  0.25  0.37   5.0  59.0   3.9  67.9   242
     1    46 118.2 97.59 97.59 390.4 390.4  0.33  0.18  0.18  0.18  0.31   5.0  58.0   3.8  66.8   243
     1    47 116.5 95.63 95.63 382.5 382.5  0.34  0.18  0.18  0.18  0.31   5.0  58.0   3.8  66.8   245
     1    48 114.5 85.08 85.08 340.3 340.3  0.44  0.26  0.26  0.26  0.37   5.0  58.0   3.7  66.7   248
     1    49 112.7 89.48 89.48 357.9 357.9  0.38  0.21  0.21  0.21  0.35   5.0  58.0   3.6  66.6   249
     1    50 110.5 97.09 97.09 388.4 388.4  0.34  0.12  0.12  0.12  0.30   6.0  57.0   3.4  66.4   252
     1    51 108.6 95.08 95.08 380.3 380.3  0.36  0.12  0.12  0.12  0.31   6.0  56.0   3.6  65.6   254
     1    52 107.1 86.29 86.29 345.1 345.1  0.40  0.19  0.19  0.19  0.37   5.0  56.0   3.7  64.7   256
     1    53 104.9 97.10 97.10 388.4 388.4  0.32  0.07  0.07  0.08  0.32   6.0  54.0   3.5  63.5   259
     1    54 102.8 92.52 92.52 370.1 370.1  0.32  0.10  0.10  0.10  0.32   6.0  54.0   3.4  63.4   261
     1    55 101.2 81.64 81.64 326.5 326.5  0.39  0.19  0.19  0.19  0.34   5.0  54.0   3.4  62.4   263
     1    56 99.41 71.12 71.12 284.5 284.5  0.53  0.29  0.29  0.29  0.38   4.0  54.0   3.6  61.6   265
     1    57 97.77 74.08 74.08 296.3 296.3  0.46  0.24  0.24  0.24  0.31   5.0  53.0   3.5  61.5   268
     1    58 96.01 72.57 72.57 290.3 290.3  0.51  0.25  0.25  0.25  0.36   4.3  53.0   3.6  60.9   271
     1    59 94.89 68.32 68.32 273.3 273.3  0.55  0.28  0.28  0.28  0.41   5.0  53.0   3.5  61.5   274
     1    60 93.57 72.54 72.54 290.2 290.2  0.46  0.23  0.23  0.23  0.34   5.0  52.0   3.6  60.6   276
     1    61 91.91 71.28 71.28 285.1 285.1  0.53  0.22  0.22  0.22  0.38   5.0  51.0   3.5  59.5   280
     1    62 90.43 72.68 72.68 290.7 290.7  0.45  0.20  0.20  0.20  0.34   5.0  50.0   3.6  58.6   282
     1    63 89.05 75.16 75.16 300.7 300.7  0.42  0.16  0.16  0.16  0.30   6.0  49.0   3.4  58.4   286
     1    64 87.56 67.36 67.36 269.4 269.4  0.51  0.23  0.23  0.23  0.35   5.0  49.0   3.6  57.6   288
     1    65 86.36 64.62 64.62 258.5 258.5  0.48  0.25  0.25  0.25  0.34   5.0  49.0   3.8  57.8   291
     1    66 84.98 60.80 60.80 243.2 243.2  0.48  0.29  0.29  0.29  0.36   4.0  49.0   3.7  56.7   294
     1    67 83.68 63.34 63.34 253.4 253.4  0.50  0.24  0.24  0.24  0.30   5.0  48.0   3.6  56.6   297
     1    68 82.62 60.88 60.88 243.5 243.5  0.48  0.26  0.26  0.26  0.29   5.0  48.0   3.8  56.8   300
     1    69 81.23 52.86 52.86 211.4 211.4  0.59  0.35  0.35  0.35  0.35   4.0  49.0   3.8  56.8   304
     1    70 80.16 54.71 54.71 218.8 218.8  0.56  0.32  0.32  0.32  0.33   4.0  49.0   3.6  56.6   307
     1    71 79.34 51.16 51.16 204.7 204.7  0.52  0.36  0.36  0.36  0.36   4.0  50.0   3.8  57.8   310
     1    72 78.32 55.00 55.00 220.0 220.0  0.54  0.30  0.30  0.30  0.30   4.0  49.0   3.7  56.7   313
     1    73 77.32 47.02 47.02 188.1 188.1  0.65  0.39  0.39  0.39  0.39   4.0  50.0   3.7  57.7   317
     1    74 76.30 50.85 50.85 203.4 203.4  0.52  0.33  0.33  0.33  0.33   4.0  50.0   3.9  57.9   321
     1    75 75.37 53.04 53.04 212.2 212.2  0.55  0.30  0.30  0.30  0.31   4.0  50.0   3.9  57.9   324
     1    76 74.46 53.07 53.07 212.3 212.3  0.58  0.29  0.29  0.29  0.30   4.0  50.0   3.8  57.8   327
     2     1 72.61 52.28 52.28 836.5 836.5  0.53  0.28  0.28  0.28  0.29   5.0  50.0   3.5  58.5   335
     2     2 71.75 46.01 46.01 736.1 736.1  0.60  0.36  0.36  0.36  0.37   4.0  51.0   3.5  58.5   338
     2     3 70.73 47.75 47.75 764.0 764.0  0.57  0.33  0.33  0.33  0.33   4.0  51.0   4.0  59.0   342
     2     4 69.89 46.17 46.17 738.8 738.8  0.45  0.34  0.34  0.34  0.35   4.0  52.0   4.1  60.1   347
     2     5 68.94 45.08 45.08 721.2 721.2  0.49  0.35  0.35  0.35  0.35   4.0  52.0   4.3  60.3   350
     2     6 67.97 47.20 47.20 755.1 755.1  0.54  0.31  0.31  0.31  0.32   4.0  52.0   4.3  60.3   353
     2     7 67.17 44.57 44.57 713.2 713.2  0.46  0.34  0.34  0.34  0.35   4.0  53.0   4.4  61.4   357
     2     8 66.17 45.19 45.19 723.1 723.1  0.38  0.32  0.32  0.32  0.32   4.0  53.0   4.5  61.5   362
     2     9 65.47 48.46 48.46 775.4 775.4  0.43  0.26  0.26  0.26  0.26   5.0  53.0   4.3  62.3   365
     2    10 64.57 42.35 42.35 677.5 677.5  0.47  0.34  0.34  0.34  0.34   4.0  54.0   4.4  62.4   368
     2    11 63.84 46.87 46.87 750.0 750.0  0.34  0.27  0.27  0.27  0.27   5.0  55.0   4.5  64.5   372
     2    12 62.99 46.45 46.45 743.1 743.1  0.39  0.26  0.26  0.26  0.27   5.0  55.0   4.7  64.7   376
     2    13 62.18 46.09 46.09 737.4 737.4  0.38  0.26  0.26  0.26  0.27   5.0  56.0   4.7  65.7   379
     2    14 61.38 44.60 44.60 713.6 713.6  0.34  0.27  0.27  0.27  0.29   5.0  57.0   4.7  66.7   383
     2    15 60.37 42.11 42.11 673.8 673.8  0.38  0.30  0.30  0.30  0.32   4.0  58.0   4.7  66.7   387
     2    16 59.52 41.75 41.75 667.9 667.9  0.44  0.30  0.30  0.30  0.32   4.0  58.0   5.0  67.0   391
     2    17 58.80 40.65 40.65 650.4 650.4  0.49  0.31  0.31  0.31  0.34   4.0  59.0   5.0  68.0   395
     2    18 57.94 41.38 41.38 662.0 662.0  0.53  0.29  0.29  0.29  0.29   4.0  60.0   4.9  68.9   400
     2    19 57.22 38.70 38.70 619.3 542.8  0.52  0.32  0.32  0.32  0.34   4.0  62.0   4.4  70.4   -99
     2    20 56.36 39.82 39.82 637.0     0  0.30  0.29  0.29  0.29  0.33   4.0  62.0   0.0  66.0   -99
     2    21 55.58 39.41 39.41 630.6     0  0.29  0.29  0.29  0.29  0.33   4.0  59.0   0.0  63.0   -99
     2    22 54.80 44.85 44.85 717.7     0  0.18  0.18  0.18  0.18  0.25   5.0  55.0   0.0  60.0   -99
     2    23 54.05 43.39 43.39 694.3     0  0.20  0.20  0.20  0.20  0.28   5.0  52.0   0.0  57.0   -99
     2    24 53.31 41.09 41.09 657.5     0  0.23  0.23  0.23  0.23  0.31   5.0  49.0   0.0  54.0   -99
     2    25 52.58 45.34 45.34 725.4     0  0.14  0.14  0.14  0.14  0.26   6.0  45.0   0.0  51.0   -99
     2    26 51.64 41.80 41.80 668.7     0  0.19  0.19  0.19  0.19  0.30   5.0  42.0   0.0  47.0   -99
     2    27 50.95 43.69 43.69 699.0     0  0.14  0.14  0.14  0.14  0.23   6.0  38.0   0.0  44.0   -99
     2    28 50.05 40.00 40.00 639.9     0  0.20  0.20  0.20  0.20  0.31   5.0  35.0   0.0  40.0   -99
     2    29 49.40 42.01 42.01 672.2     0  0.15  0.15  0.15  0.15  0.29   6.0  31.0   0.0  37.0   -99
     2    30 48.54 42.82 42.82 685.2     0  0.12  0.12  0.12  0.12  0.27   6.0  27.0   0.0  33.0   -99
     2    31 47.71 42.52 42.52 680.4     0  0.11  0.11  0.11  0.11  0.27   6.0  23.0   0.0  29.0   -99
     2    32 46.89 41.83 41.83 669.3     0  0.11  0.11  0.11  0.11  0.28   6.0  19.0   0.0  25.0   -99
     2    33 46.11 40.92 40.92 654.7     0  0.11  0.11  0.11  0.11  0.30   6.0  15.0   0.0  21.0   -99
     2    34 45.34 39.73 39.73 635.7     0  0.12  0.12  0.12  0.12  0.32   6.0  11.0   0.0  17.0   -99
     2    35 44.40 41.77 41.77 668.4     0  0.06  0.06  0.06  0.06  0.27   6.0   6.0   0.0  12.0   -99
     2    36 43.67 38.44 38.44 615.0     0  0.12  0.12  0.12  0.12  0.32   6.0   2.0   0.0   8.0   -99
     2    37 42.79 19.97 19.97 319.6     0  0.13  0.13  0.13  0.13  0.65   3.0   0.0   0.0   3.0   -99
